
=== GPU Information ===
CUDA available: True
CUDA device count: 1
Current CUDA device: 0
CUDA device name: NVIDIA B200
CUDA visible devices: 0

=== GPU Memory Usage ===
GPU 0: NVIDIA B200
Memory Allocated: 0.00 MB
Memory Reserved: 0.00 MB
======================

======================

dict_keys(['a1', 'b1', 'a2', 'b2', 'mlp_a', 'mlp_b'])
Resume from iteration 180000
/orange/ufdatastudios/chenz1/FDDG/.venv/lib/python3.11/site-packages/torch/optim/lr_scheduler.py:182: UserWarning: Detected call of `lr_scheduler.step()` before `optimizer.step()`. In PyTorch 1.1.0 and later, you should call them in the opposite order: `optimizer.step()` before `lr_scheduler.step()`.  Failure to do this will result in PyTorch skipping the first value of the learning rate schedule. See more details at https://pytorch.org/docs/stable/optim.html#how-to-adjust-learning-rate
  warnings.warn(
Iteration: 00181000/00300000
Saved images to: /home/chenz1/toorange/FDDG/fddg/domainbed/munit/FairFace/outputs/tiny_munit/images/test_00181000

=== GPU Memory Usage ===
GPU 0: NVIDIA B200
Memory Allocated: 1031.02 MB
Memory Reserved: 4552.00 MB
======================

Iteration: 00182000/00300000
Saved images to: /home/chenz1/toorange/FDDG/fddg/domainbed/munit/FairFace/outputs/tiny_munit/images/test_00182000

=== GPU Memory Usage ===
GPU 0: NVIDIA B200
Memory Allocated: 1036.42 MB
Memory Reserved: 4552.00 MB
======================

Iteration: 00183000/00300000
Saved images to: /home/chenz1/toorange/FDDG/fddg/domainbed/munit/FairFace/outputs/tiny_munit/images/test_00183000

=== GPU Memory Usage ===
GPU 0: NVIDIA B200
Memory Allocated: 1036.63 MB
Memory Reserved: 4654.00 MB
======================

Iteration: 00184000/00300000
Saved images to: /home/chenz1/toorange/FDDG/fddg/domainbed/munit/FairFace/outputs/tiny_munit/images/test_00184000

=== GPU Memory Usage ===
GPU 0: NVIDIA B200
Memory Allocated: 1035.77 MB
Memory Reserved: 4654.00 MB
======================

Iteration: 00185000/00300000
Saved images to: /home/chenz1/toorange/FDDG/fddg/domainbed/munit/FairFace/outputs/tiny_munit/images/test_00185000

=== GPU Memory Usage ===
GPU 0: NVIDIA B200
Memory Allocated: 1035.40 MB
Memory Reserved: 4654.00 MB
======================

Iteration: 00186000/00300000
Saved images to: /home/chenz1/toorange/FDDG/fddg/domainbed/munit/FairFace/outputs/tiny_munit/images/test_00186000

=== GPU Memory Usage ===
GPU 0: NVIDIA B200
Memory Allocated: 1036.55 MB
Memory Reserved: 4654.00 MB
======================

Iteration: 00187000/00300000
Saved images to: /home/chenz1/toorange/FDDG/fddg/domainbed/munit/FairFace/outputs/tiny_munit/images/test_00187000

=== GPU Memory Usage ===
GPU 0: NVIDIA B200
Memory Allocated: 1036.75 MB
Memory Reserved: 4654.00 MB
======================

Iteration: 00188000/00300000
Saved images to: /home/chenz1/toorange/FDDG/fddg/domainbed/munit/FairFace/outputs/tiny_munit/images/test_00188000

=== GPU Memory Usage ===
GPU 0: NVIDIA B200
Memory Allocated: 1036.24 MB
Memory Reserved: 4654.00 MB
======================

Iteration: 00189000/00300000
Saved images to: /home/chenz1/toorange/FDDG/fddg/domainbed/munit/FairFace/outputs/tiny_munit/images/test_00189000

=== GPU Memory Usage ===
GPU 0: NVIDIA B200
Memory Allocated: 1033.12 MB
Memory Reserved: 4656.00 MB
======================

Iteration: 00190000/00300000
Saved images to: /home/chenz1/toorange/FDDG/fddg/domainbed/munit/FairFace/outputs/tiny_munit/images/test_00190000

=== GPU Memory Usage ===
GPU 0: NVIDIA B200
Memory Allocated: 1035.68 MB
Memory Reserved: 4656.00 MB
======================

Iteration: 00191000/00300000
Saved images to: /home/chenz1/toorange/FDDG/fddg/domainbed/munit/FairFace/outputs/tiny_munit/images/test_00191000

=== GPU Memory Usage ===
GPU 0: NVIDIA B200
Memory Allocated: 1037.09 MB
Memory Reserved: 4656.00 MB
======================

Iteration: 00192000/00300000
Saved images to: /home/chenz1/toorange/FDDG/fddg/domainbed/munit/FairFace/outputs/tiny_munit/images/test_00192000

=== GPU Memory Usage ===
GPU 0: NVIDIA B200
Memory Allocated: 1033.14 MB
Memory Reserved: 4656.00 MB
======================

Iteration: 00193000/00300000
Saved images to: /home/chenz1/toorange/FDDG/fddg/domainbed/munit/FairFace/outputs/tiny_munit/images/test_00193000

=== GPU Memory Usage ===
GPU 0: NVIDIA B200
Memory Allocated: 1035.18 MB
Memory Reserved: 4656.00 MB
======================

Iteration: 00194000/00300000
Saved images to: /home/chenz1/toorange/FDDG/fddg/domainbed/munit/FairFace/outputs/tiny_munit/images/test_00194000

=== GPU Memory Usage ===
GPU 0: NVIDIA B200
Memory Allocated: 1034.64 MB
Memory Reserved: 4656.00 MB
======================

Iteration: 00195000/00300000
Saved images to: /home/chenz1/toorange/FDDG/fddg/domainbed/munit/FairFace/outputs/tiny_munit/images/test_00195000

=== GPU Memory Usage ===
GPU 0: NVIDIA B200
Memory Allocated: 1037.12 MB
Memory Reserved: 4656.00 MB
======================

Iteration: 00196000/00300000
Saved images to: /home/chenz1/toorange/FDDG/fddg/domainbed/munit/FairFace/outputs/tiny_munit/images/test_00196000

=== GPU Memory Usage ===
GPU 0: NVIDIA B200
Memory Allocated: 1035.09 MB
Memory Reserved: 4656.00 MB
======================

Iteration: 00197000/00300000
Saved images to: /home/chenz1/toorange/FDDG/fddg/domainbed/munit/FairFace/outputs/tiny_munit/images/test_00197000

=== GPU Memory Usage ===
GPU 0: NVIDIA B200
Memory Allocated: 1033.15 MB
Memory Reserved: 4656.00 MB
======================

Iteration: 00198000/00300000
Saved images to: /home/chenz1/toorange/FDDG/fddg/domainbed/munit/FairFace/outputs/tiny_munit/images/test_00198000

=== GPU Memory Usage ===
GPU 0: NVIDIA B200
Memory Allocated: 1034.15 MB
Memory Reserved: 4656.00 MB
======================

Iteration: 00199000/00300000
Saved images to: /home/chenz1/toorange/FDDG/fddg/domainbed/munit/FairFace/outputs/tiny_munit/images/test_00199000

=== GPU Memory Usage ===
GPU 0: NVIDIA B200
Memory Allocated: 1034.06 MB
Memory Reserved: 4656.00 MB
======================

Iteration: 00200000/00300000
Saved images to: /home/chenz1/toorange/FDDG/fddg/domainbed/munit/FairFace/outputs/tiny_munit/images/test_00200000

=== GPU Memory Usage ===
GPU 0: NVIDIA B200
Memory Allocated: 1034.23 MB
Memory Reserved: 4656.00 MB
======================

Iteration: 00201000/00300000
Saved images to: /home/chenz1/toorange/FDDG/fddg/domainbed/munit/FairFace/outputs/tiny_munit/images/test_00201000

=== GPU Memory Usage ===
GPU 0: NVIDIA B200
Memory Allocated: 1034.67 MB
Memory Reserved: 4656.00 MB
======================

Iteration: 00202000/00300000
Saved images to: /home/chenz1/toorange/FDDG/fddg/domainbed/munit/FairFace/outputs/tiny_munit/images/test_00202000

=== GPU Memory Usage ===
GPU 0: NVIDIA B200
Memory Allocated: 1036.23 MB
Memory Reserved: 4656.00 MB
======================

Iteration: 00203000/00300000
Saved images to: /home/chenz1/toorange/FDDG/fddg/domainbed/munit/FairFace/outputs/tiny_munit/images/test_00203000

=== GPU Memory Usage ===
GPU 0: NVIDIA B200
Memory Allocated: 1036.55 MB
Memory Reserved: 4656.00 MB
======================

Iteration: 00204000/00300000
Saved images to: /home/chenz1/toorange/FDDG/fddg/domainbed/munit/FairFace/outputs/tiny_munit/images/test_00204000

=== GPU Memory Usage ===
GPU 0: NVIDIA B200
Memory Allocated: 1035.69 MB
Memory Reserved: 4656.00 MB
======================

Iteration: 00205000/00300000
Saved images to: /home/chenz1/toorange/FDDG/fddg/domainbed/munit/FairFace/outputs/tiny_munit/images/test_00205000

=== GPU Memory Usage ===
GPU 0: NVIDIA B200
Memory Allocated: 1035.81 MB
Memory Reserved: 4656.00 MB
======================

Iteration: 00206000/00300000
Saved images to: /home/chenz1/toorange/FDDG/fddg/domainbed/munit/FairFace/outputs/tiny_munit/images/test_00206000

=== GPU Memory Usage ===
GPU 0: NVIDIA B200
Memory Allocated: 1035.89 MB
Memory Reserved: 4656.00 MB
======================

Iteration: 00207000/00300000
Saved images to: /home/chenz1/toorange/FDDG/fddg/domainbed/munit/FairFace/outputs/tiny_munit/images/test_00207000

=== GPU Memory Usage ===
GPU 0: NVIDIA B200
Memory Allocated: 1035.42 MB
Memory Reserved: 4656.00 MB
======================

Iteration: 00208000/00300000
Saved images to: /home/chenz1/toorange/FDDG/fddg/domainbed/munit/FairFace/outputs/tiny_munit/images/test_00208000

=== GPU Memory Usage ===
GPU 0: NVIDIA B200
Memory Allocated: 1035.31 MB
Memory Reserved: 4656.00 MB
======================

Iteration: 00209000/00300000
Saved images to: /home/chenz1/toorange/FDDG/fddg/domainbed/munit/FairFace/outputs/tiny_munit/images/test_00209000

=== GPU Memory Usage ===
GPU 0: NVIDIA B200
Memory Allocated: 1034.07 MB
Memory Reserved: 4656.00 MB
======================

Iteration: 00210000/00300000
Saved images to: /home/chenz1/toorange/FDDG/fddg/domainbed/munit/FairFace/outputs/tiny_munit/images/test_00210000

=== GPU Memory Usage ===
GPU 0: NVIDIA B200
Memory Allocated: 1035.72 MB
Memory Reserved: 4656.00 MB
======================

Iteration: 00211000/00300000
Saved images to: /home/chenz1/toorange/FDDG/fddg/domainbed/munit/FairFace/outputs/tiny_munit/images/test_00211000

=== GPU Memory Usage ===
GPU 0: NVIDIA B200
Memory Allocated: 1033.23 MB
Memory Reserved: 4656.00 MB
======================

Iteration: 00212000/00300000
Saved images to: /home/chenz1/toorange/FDDG/fddg/domainbed/munit/FairFace/outputs/tiny_munit/images/test_00212000

=== GPU Memory Usage ===
GPU 0: NVIDIA B200
Memory Allocated: 1033.23 MB
Memory Reserved: 4656.00 MB
======================

Iteration: 00213000/00300000
Saved images to: /home/chenz1/toorange/FDDG/fddg/domainbed/munit/FairFace/outputs/tiny_munit/images/test_00213000

=== GPU Memory Usage ===
GPU 0: NVIDIA B200
Memory Allocated: 1033.36 MB
Memory Reserved: 4656.00 MB
======================

Iteration: 00214000/00300000
Saved images to: /home/chenz1/toorange/FDDG/fddg/domainbed/munit/FairFace/outputs/tiny_munit/images/test_00214000

=== GPU Memory Usage ===
GPU 0: NVIDIA B200
Memory Allocated: 1034.14 MB
Memory Reserved: 4656.00 MB
======================

Iteration: 00215000/00300000
Saved images to: /home/chenz1/toorange/FDDG/fddg/domainbed/munit/FairFace/outputs/tiny_munit/images/test_00215000

=== GPU Memory Usage ===
GPU 0: NVIDIA B200
Memory Allocated: 1035.17 MB
Memory Reserved: 4656.00 MB
======================

Iteration: 00216000/00300000
Saved images to: /home/chenz1/toorange/FDDG/fddg/domainbed/munit/FairFace/outputs/tiny_munit/images/test_00216000

=== GPU Memory Usage ===
GPU 0: NVIDIA B200
Memory Allocated: 1034.70 MB
Memory Reserved: 4656.00 MB
======================

Iteration: 00217000/00300000
Saved images to: /home/chenz1/toorange/FDDG/fddg/domainbed/munit/FairFace/outputs/tiny_munit/images/test_00217000

=== GPU Memory Usage ===
GPU 0: NVIDIA B200
Memory Allocated: 1033.48 MB
Memory Reserved: 4656.00 MB
======================

Iteration: 00218000/00300000
Saved images to: /home/chenz1/toorange/FDDG/fddg/domainbed/munit/FairFace/outputs/tiny_munit/images/test_00218000

=== GPU Memory Usage ===
GPU 0: NVIDIA B200
Memory Allocated: 1034.63 MB
Memory Reserved: 4656.00 MB
======================

Iteration: 00219000/00300000
Saved images to: /home/chenz1/toorange/FDDG/fddg/domainbed/munit/FairFace/outputs/tiny_munit/images/test_00219000

=== GPU Memory Usage ===
GPU 0: NVIDIA B200
Memory Allocated: 1033.73 MB
Memory Reserved: 4656.00 MB
======================

Iteration: 00220000/00300000
Saved images to: /home/chenz1/toorange/FDDG/fddg/domainbed/munit/FairFace/outputs/tiny_munit/images/test_00220000

=== GPU Memory Usage ===
GPU 0: NVIDIA B200
Memory Allocated: 1034.33 MB
Memory Reserved: 4656.00 MB
======================

Iteration: 00221000/00300000
Saved images to: /home/chenz1/toorange/FDDG/fddg/domainbed/munit/FairFace/outputs/tiny_munit/images/test_00221000

=== GPU Memory Usage ===
GPU 0: NVIDIA B200
Memory Allocated: 1033.09 MB
Memory Reserved: 4656.00 MB
======================

Iteration: 00222000/00300000
Saved images to: /home/chenz1/toorange/FDDG/fddg/domainbed/munit/FairFace/outputs/tiny_munit/images/test_00222000

=== GPU Memory Usage ===
GPU 0: NVIDIA B200
Memory Allocated: 1034.71 MB
Memory Reserved: 4656.00 MB
======================

Iteration: 00223000/00300000
Saved images to: /home/chenz1/toorange/FDDG/fddg/domainbed/munit/FairFace/outputs/tiny_munit/images/test_00223000

=== GPU Memory Usage ===
GPU 0: NVIDIA B200
Memory Allocated: 1034.42 MB
Memory Reserved: 4656.00 MB
======================

Iteration: 00224000/00300000
Saved images to: /home/chenz1/toorange/FDDG/fddg/domainbed/munit/FairFace/outputs/tiny_munit/images/test_00224000

=== GPU Memory Usage ===
GPU 0: NVIDIA B200
Memory Allocated: 1032.96 MB
Memory Reserved: 4656.00 MB
======================

Iteration: 00225000/00300000
Saved images to: /home/chenz1/toorange/FDDG/fddg/domainbed/munit/FairFace/outputs/tiny_munit/images/test_00225000

=== GPU Memory Usage ===
GPU 0: NVIDIA B200
Memory Allocated: 1035.64 MB
Memory Reserved: 4656.00 MB
======================

Iteration: 00226000/00300000
Saved images to: /home/chenz1/toorange/FDDG/fddg/domainbed/munit/FairFace/outputs/tiny_munit/images/test_00226000

=== GPU Memory Usage ===
GPU 0: NVIDIA B200
Memory Allocated: 1034.85 MB
Memory Reserved: 4656.00 MB
======================

Iteration: 00227000/00300000
Saved images to: /home/chenz1/toorange/FDDG/fddg/domainbed/munit/FairFace/outputs/tiny_munit/images/test_00227000

=== GPU Memory Usage ===
GPU 0: NVIDIA B200
Memory Allocated: 1033.89 MB
Memory Reserved: 4656.00 MB
======================

Iteration: 00228000/00300000
Saved images to: /home/chenz1/toorange/FDDG/fddg/domainbed/munit/FairFace/outputs/tiny_munit/images/test_00228000

=== GPU Memory Usage ===
GPU 0: NVIDIA B200
Memory Allocated: 1034.79 MB
Memory Reserved: 4656.00 MB
======================

Iteration: 00229000/00300000
Saved images to: /home/chenz1/toorange/FDDG/fddg/domainbed/munit/FairFace/outputs/tiny_munit/images/test_00229000

=== GPU Memory Usage ===
GPU 0: NVIDIA B200
Memory Allocated: 1036.15 MB
Memory Reserved: 4656.00 MB
======================

Iteration: 00230000/00300000
Saved images to: /home/chenz1/toorange/FDDG/fddg/domainbed/munit/FairFace/outputs/tiny_munit/images/test_00230000

=== GPU Memory Usage ===
GPU 0: NVIDIA B200
Memory Allocated: 1034.01 MB
Memory Reserved: 4656.00 MB
======================

Iteration: 00231000/00300000
Saved images to: /home/chenz1/toorange/FDDG/fddg/domainbed/munit/FairFace/outputs/tiny_munit/images/test_00231000

=== GPU Memory Usage ===
GPU 0: NVIDIA B200
Memory Allocated: 1034.98 MB
Memory Reserved: 4656.00 MB
======================

Iteration: 00232000/00300000
Saved images to: /home/chenz1/toorange/FDDG/fddg/domainbed/munit/FairFace/outputs/tiny_munit/images/test_00232000

=== GPU Memory Usage ===
GPU 0: NVIDIA B200
Memory Allocated: 1036.19 MB
Memory Reserved: 4656.00 MB
======================

Iteration: 00233000/00300000
Saved images to: /home/chenz1/toorange/FDDG/fddg/domainbed/munit/FairFace/outputs/tiny_munit/images/test_00233000

=== GPU Memory Usage ===
GPU 0: NVIDIA B200
Memory Allocated: 1033.77 MB
Memory Reserved: 4656.00 MB
======================

Iteration: 00234000/00300000
Saved images to: /home/chenz1/toorange/FDDG/fddg/domainbed/munit/FairFace/outputs/tiny_munit/images/test_00234000

=== GPU Memory Usage ===
GPU 0: NVIDIA B200
Memory Allocated: 1035.33 MB
Memory Reserved: 4656.00 MB
======================

Iteration: 00235000/00300000
Saved images to: /home/chenz1/toorange/FDDG/fddg/domainbed/munit/FairFace/outputs/tiny_munit/images/test_00235000

=== GPU Memory Usage ===
GPU 0: NVIDIA B200
Memory Allocated: 1032.77 MB
Memory Reserved: 4656.00 MB
======================

Iteration: 00236000/00300000
Saved images to: /home/chenz1/toorange/FDDG/fddg/domainbed/munit/FairFace/outputs/tiny_munit/images/test_00236000

=== GPU Memory Usage ===
GPU 0: NVIDIA B200
Memory Allocated: 1036.09 MB
Memory Reserved: 4656.00 MB
======================

Iteration: 00237000/00300000
Saved images to: /home/chenz1/toorange/FDDG/fddg/domainbed/munit/FairFace/outputs/tiny_munit/images/test_00237000

=== GPU Memory Usage ===
GPU 0: NVIDIA B200
Memory Allocated: 1035.77 MB
Memory Reserved: 4656.00 MB
======================

Iteration: 00238000/00300000
Saved images to: /home/chenz1/toorange/FDDG/fddg/domainbed/munit/FairFace/outputs/tiny_munit/images/test_00238000

=== GPU Memory Usage ===
GPU 0: NVIDIA B200
Memory Allocated: 1033.57 MB
Memory Reserved: 4656.00 MB
======================

Iteration: 00239000/00300000
Saved images to: /home/chenz1/toorange/FDDG/fddg/domainbed/munit/FairFace/outputs/tiny_munit/images/test_00239000

=== GPU Memory Usage ===
GPU 0: NVIDIA B200
Memory Allocated: 1035.57 MB
Memory Reserved: 4656.00 MB
======================

Iteration: 00240000/00300000
Saved images to: /home/chenz1/toorange/FDDG/fddg/domainbed/munit/FairFace/outputs/tiny_munit/images/test_00240000

=== GPU Memory Usage ===
GPU 0: NVIDIA B200
Memory Allocated: 1030.92 MB
Memory Reserved: 4656.00 MB
======================

Iteration: 00241000/00300000
Saved images to: /home/chenz1/toorange/FDDG/fddg/domainbed/munit/FairFace/outputs/tiny_munit/images/test_00241000

=== GPU Memory Usage ===
GPU 0: NVIDIA B200
Memory Allocated: 1033.14 MB
Memory Reserved: 4656.00 MB
======================

Iteration: 00242000/00300000
Saved images to: /home/chenz1/toorange/FDDG/fddg/domainbed/munit/FairFace/outputs/tiny_munit/images/test_00242000

=== GPU Memory Usage ===
GPU 0: NVIDIA B200
Memory Allocated: 1034.39 MB
Memory Reserved: 4656.00 MB
======================

Iteration: 00243000/00300000
Saved images to: /home/chenz1/toorange/FDDG/fddg/domainbed/munit/FairFace/outputs/tiny_munit/images/test_00243000

=== GPU Memory Usage ===
GPU 0: NVIDIA B200
Memory Allocated: 1036.94 MB
Memory Reserved: 4656.00 MB
======================

Iteration: 00244000/00300000
Saved images to: /home/chenz1/toorange/FDDG/fddg/domainbed/munit/FairFace/outputs/tiny_munit/images/test_00244000

=== GPU Memory Usage ===
GPU 0: NVIDIA B200
Memory Allocated: 1033.93 MB
Memory Reserved: 4656.00 MB
======================

Iteration: 00245000/00300000
Saved images to: /home/chenz1/toorange/FDDG/fddg/domainbed/munit/FairFace/outputs/tiny_munit/images/test_00245000

=== GPU Memory Usage ===
GPU 0: NVIDIA B200
Memory Allocated: 1033.08 MB
Memory Reserved: 4656.00 MB
======================

Iteration: 00246000/00300000
Saved images to: /home/chenz1/toorange/FDDG/fddg/domainbed/munit/FairFace/outputs/tiny_munit/images/test_00246000

=== GPU Memory Usage ===
GPU 0: NVIDIA B200
Memory Allocated: 1034.36 MB
Memory Reserved: 4656.00 MB
======================

Iteration: 00247000/00300000
Saved images to: /home/chenz1/toorange/FDDG/fddg/domainbed/munit/FairFace/outputs/tiny_munit/images/test_00247000

=== GPU Memory Usage ===
GPU 0: NVIDIA B200
Memory Allocated: 1036.67 MB
Memory Reserved: 4656.00 MB
======================

Iteration: 00248000/00300000
Saved images to: /home/chenz1/toorange/FDDG/fddg/domainbed/munit/FairFace/outputs/tiny_munit/images/test_00248000

=== GPU Memory Usage ===
GPU 0: NVIDIA B200
Memory Allocated: 1035.95 MB
Memory Reserved: 4656.00 MB
======================

Iteration: 00249000/00300000
Saved images to: /home/chenz1/toorange/FDDG/fddg/domainbed/munit/FairFace/outputs/tiny_munit/images/test_00249000

=== GPU Memory Usage ===
GPU 0: NVIDIA B200
Memory Allocated: 1033.50 MB
Memory Reserved: 4656.00 MB
======================

Iteration: 00250000/00300000
Saved images to: /home/chenz1/toorange/FDDG/fddg/domainbed/munit/FairFace/outputs/tiny_munit/images/test_00250000

=== GPU Memory Usage ===
GPU 0: NVIDIA B200
Memory Allocated: 1036.48 MB
Memory Reserved: 4656.00 MB
======================

Iteration: 00251000/00300000
Saved images to: /home/chenz1/toorange/FDDG/fddg/domainbed/munit/FairFace/outputs/tiny_munit/images/test_00251000

=== GPU Memory Usage ===
GPU 0: NVIDIA B200
Memory Allocated: 1034.51 MB
Memory Reserved: 4656.00 MB
======================

Iteration: 00252000/00300000
Saved images to: /home/chenz1/toorange/FDDG/fddg/domainbed/munit/FairFace/outputs/tiny_munit/images/test_00252000

=== GPU Memory Usage ===
GPU 0: NVIDIA B200
Memory Allocated: 1036.76 MB
Memory Reserved: 4656.00 MB
======================

Iteration: 00253000/00300000
Saved images to: /home/chenz1/toorange/FDDG/fddg/domainbed/munit/FairFace/outputs/tiny_munit/images/test_00253000

=== GPU Memory Usage ===
GPU 0: NVIDIA B200
Memory Allocated: 1034.21 MB
Memory Reserved: 4656.00 MB
======================

Iteration: 00254000/00300000
Saved images to: /home/chenz1/toorange/FDDG/fddg/domainbed/munit/FairFace/outputs/tiny_munit/images/test_00254000

=== GPU Memory Usage ===
GPU 0: NVIDIA B200
Memory Allocated: 1033.61 MB
Memory Reserved: 4656.00 MB
======================

Iteration: 00255000/00300000
Saved images to: /home/chenz1/toorange/FDDG/fddg/domainbed/munit/FairFace/outputs/tiny_munit/images/test_00255000

=== GPU Memory Usage ===
GPU 0: NVIDIA B200
Memory Allocated: 1035.88 MB
Memory Reserved: 4656.00 MB
======================

Iteration: 00256000/00300000
Saved images to: /home/chenz1/toorange/FDDG/fddg/domainbed/munit/FairFace/outputs/tiny_munit/images/test_00256000

=== GPU Memory Usage ===
GPU 0: NVIDIA B200
Memory Allocated: 1034.64 MB
Memory Reserved: 4656.00 MB
======================

Iteration: 00257000/00300000
Saved images to: /home/chenz1/toorange/FDDG/fddg/domainbed/munit/FairFace/outputs/tiny_munit/images/test_00257000

=== GPU Memory Usage ===
GPU 0: NVIDIA B200
Memory Allocated: 1036.07 MB
Memory Reserved: 4656.00 MB
======================

Iteration: 00258000/00300000
Saved images to: /home/chenz1/toorange/FDDG/fddg/domainbed/munit/FairFace/outputs/tiny_munit/images/test_00258000

=== GPU Memory Usage ===
GPU 0: NVIDIA B200
Memory Allocated: 1034.92 MB
Memory Reserved: 4656.00 MB
======================

Iteration: 00259000/00300000
Saved images to: /home/chenz1/toorange/FDDG/fddg/domainbed/munit/FairFace/outputs/tiny_munit/images/test_00259000

=== GPU Memory Usage ===
GPU 0: NVIDIA B200
Memory Allocated: 1035.92 MB
Memory Reserved: 4656.00 MB
======================

Iteration: 00260000/00300000
Saved images to: /home/chenz1/toorange/FDDG/fddg/domainbed/munit/FairFace/outputs/tiny_munit/images/test_00260000

=== GPU Memory Usage ===
GPU 0: NVIDIA B200
Memory Allocated: 1034.98 MB
Memory Reserved: 4656.00 MB
======================

Iteration: 00261000/00300000
Saved images to: /home/chenz1/toorange/FDDG/fddg/domainbed/munit/FairFace/outputs/tiny_munit/images/test_00261000

=== GPU Memory Usage ===
GPU 0: NVIDIA B200
Memory Allocated: 1036.01 MB
Memory Reserved: 4658.00 MB
======================

Iteration: 00262000/00300000
Saved images to: /home/chenz1/toorange/FDDG/fddg/domainbed/munit/FairFace/outputs/tiny_munit/images/test_00262000

=== GPU Memory Usage ===
GPU 0: NVIDIA B200
Memory Allocated: 1036.44 MB
Memory Reserved: 4658.00 MB
======================

Iteration: 00263000/00300000
Saved images to: /home/chenz1/toorange/FDDG/fddg/domainbed/munit/FairFace/outputs/tiny_munit/images/test_00263000

=== GPU Memory Usage ===
GPU 0: NVIDIA B200
Memory Allocated: 1034.39 MB
Memory Reserved: 4658.00 MB
======================

Finish training
Iteration: 00264000/00300000
Saved images to: /home/chenz1/toorange/FDDG/fddg/domainbed/munit/FairFace/outputs/tiny_munit/images/test_00264000

=== GPU Memory Usage ===
GPU 0: NVIDIA B200
Memory Allocated: 1036.77 MB
Memory Reserved: 4658.00 MB
======================

Iteration: 00265000/00300000
Saved images to: /home/chenz1/toorange/FDDG/fddg/domainbed/munit/FairFace/outputs/tiny_munit/images/test_00265000

=== GPU Memory Usage ===
GPU 0: NVIDIA B200
Memory Allocated: 1035.14 MB
Memory Reserved: 4658.00 MB
======================

Iteration: 00266000/00300000
Saved images to: /home/chenz1/toorange/FDDG/fddg/domainbed/munit/FairFace/outputs/tiny_munit/images/test_00266000

=== GPU Memory Usage ===
GPU 0: NVIDIA B200
Memory Allocated: 1036.53 MB
Memory Reserved: 4658.00 MB
======================

Iteration: 00267000/00300000
Saved images to: /home/chenz1/toorange/FDDG/fddg/domainbed/munit/FairFace/outputs/tiny_munit/images/test_00267000

=== GPU Memory Usage ===
GPU 0: NVIDIA B200
Memory Allocated: 1035.35 MB
Memory Reserved: 4658.00 MB
======================

Iteration: 00268000/00300000
Saved images to: /home/chenz1/toorange/FDDG/fddg/domainbed/munit/FairFace/outputs/tiny_munit/images/test_00268000

=== GPU Memory Usage ===
GPU 0: NVIDIA B200
Memory Allocated: 1034.09 MB
Memory Reserved: 4658.00 MB
======================

Iteration: 00269000/00300000
Saved images to: /home/chenz1/toorange/FDDG/fddg/domainbed/munit/FairFace/outputs/tiny_munit/images/test_00269000

=== GPU Memory Usage ===
GPU 0: NVIDIA B200
Memory Allocated: 1035.38 MB
Memory Reserved: 4658.00 MB
======================

Iteration: 00270000/00300000
Saved images to: /home/chenz1/toorange/FDDG/fddg/domainbed/munit/FairFace/outputs/tiny_munit/images/test_00270000

=== GPU Memory Usage ===
GPU 0: NVIDIA B200
Memory Allocated: 1035.21 MB
Memory Reserved: 4658.00 MB
======================

Iteration: 00271000/00300000
Saved images to: /home/chenz1/toorange/FDDG/fddg/domainbed/munit/FairFace/outputs/tiny_munit/images/test_00271000

=== GPU Memory Usage ===
GPU 0: NVIDIA B200
Memory Allocated: 1035.45 MB
Memory Reserved: 4658.00 MB
======================

Iteration: 00272000/00300000
Saved images to: /home/chenz1/toorange/FDDG/fddg/domainbed/munit/FairFace/outputs/tiny_munit/images/test_00272000

=== GPU Memory Usage ===
GPU 0: NVIDIA B200
Memory Allocated: 1033.94 MB
Memory Reserved: 4658.00 MB
======================

Iteration: 00273000/00300000
Saved images to: /home/chenz1/toorange/FDDG/fddg/domainbed/munit/FairFace/outputs/tiny_munit/images/test_00273000

=== GPU Memory Usage ===
GPU 0: NVIDIA B200
Memory Allocated: 1033.30 MB
Memory Reserved: 4658.00 MB
======================

Iteration: 00274000/00300000
Saved images to: /home/chenz1/toorange/FDDG/fddg/domainbed/munit/FairFace/outputs/tiny_munit/images/test_00274000

=== GPU Memory Usage ===
GPU 0: NVIDIA B200
Memory Allocated: 1035.55 MB
Memory Reserved: 4658.00 MB
======================

Iteration: 00275000/00300000
Saved images to: /home/chenz1/toorange/FDDG/fddg/domainbed/munit/FairFace/outputs/tiny_munit/images/test_00275000

=== GPU Memory Usage ===
GPU 0: NVIDIA B200
Memory Allocated: 1030.89 MB
Memory Reserved: 4658.00 MB
======================

Iteration: 00276000/00300000
Saved images to: /home/chenz1/toorange/FDDG/fddg/domainbed/munit/FairFace/outputs/tiny_munit/images/test_00276000

=== GPU Memory Usage ===
GPU 0: NVIDIA B200
Memory Allocated: 1035.58 MB
Memory Reserved: 4658.00 MB
======================

Iteration: 00277000/00300000
Saved images to: /home/chenz1/toorange/FDDG/fddg/domainbed/munit/FairFace/outputs/tiny_munit/images/test_00277000

=== GPU Memory Usage ===
GPU 0: NVIDIA B200
Memory Allocated: 1034.57 MB
Memory Reserved: 4658.00 MB
======================

Iteration: 00278000/00300000
Saved images to: /home/chenz1/toorange/FDDG/fddg/domainbed/munit/FairFace/outputs/tiny_munit/images/test_00278000

=== GPU Memory Usage ===
GPU 0: NVIDIA B200
Memory Allocated: 1033.29 MB
Memory Reserved: 4658.00 MB
======================

Iteration: 00279000/00300000
Saved images to: /home/chenz1/toorange/FDDG/fddg/domainbed/munit/FairFace/outputs/tiny_munit/images/test_00279000

=== GPU Memory Usage ===
GPU 0: NVIDIA B200
Memory Allocated: 1033.98 MB
Memory Reserved: 4658.00 MB
======================

Iteration: 00280000/00300000
Saved images to: /home/chenz1/toorange/FDDG/fddg/domainbed/munit/FairFace/outputs/tiny_munit/images/test_00280000

=== GPU Memory Usage ===
GPU 0: NVIDIA B200
Memory Allocated: 1035.89 MB
Memory Reserved: 4658.00 MB
======================

Iteration: 00281000/00300000
Saved images to: /home/chenz1/toorange/FDDG/fddg/domainbed/munit/FairFace/outputs/tiny_munit/images/test_00281000

=== GPU Memory Usage ===
GPU 0: NVIDIA B200
Memory Allocated: 1033.25 MB
Memory Reserved: 4658.00 MB
======================

Iteration: 00282000/00300000
Saved images to: /home/chenz1/toorange/FDDG/fddg/domainbed/munit/FairFace/outputs/tiny_munit/images/test_00282000

=== GPU Memory Usage ===
GPU 0: NVIDIA B200
Memory Allocated: 1034.91 MB
Memory Reserved: 4658.00 MB
======================

Iteration: 00283000/00300000
Saved images to: /home/chenz1/toorange/FDDG/fddg/domainbed/munit/FairFace/outputs/tiny_munit/images/test_00283000

=== GPU Memory Usage ===
GPU 0: NVIDIA B200
Memory Allocated: 1034.58 MB
Memory Reserved: 4658.00 MB
======================

Iteration: 00284000/00300000
Saved images to: /home/chenz1/toorange/FDDG/fddg/domainbed/munit/FairFace/outputs/tiny_munit/images/test_00284000

=== GPU Memory Usage ===
GPU 0: NVIDIA B200
Memory Allocated: 1035.47 MB
Memory Reserved: 4658.00 MB
======================

Iteration: 00285000/00300000
Saved images to: /home/chenz1/toorange/FDDG/fddg/domainbed/munit/FairFace/outputs/tiny_munit/images/test_00285000

=== GPU Memory Usage ===
GPU 0: NVIDIA B200
Memory Allocated: 1036.16 MB
Memory Reserved: 4658.00 MB
======================

Iteration: 00286000/00300000
Saved images to: /home/chenz1/toorange/FDDG/fddg/domainbed/munit/FairFace/outputs/tiny_munit/images/test_00286000

=== GPU Memory Usage ===
GPU 0: NVIDIA B200
Memory Allocated: 1035.94 MB
Memory Reserved: 4658.00 MB
======================

Iteration: 00287000/00300000
Saved images to: /home/chenz1/toorange/FDDG/fddg/domainbed/munit/FairFace/outputs/tiny_munit/images/test_00287000

=== GPU Memory Usage ===
GPU 0: NVIDIA B200
Memory Allocated: 1034.26 MB
Memory Reserved: 4658.00 MB
======================

Iteration: 00288000/00300000
Saved images to: /home/chenz1/toorange/FDDG/fddg/domainbed/munit/FairFace/outputs/tiny_munit/images/test_00288000

=== GPU Memory Usage ===
GPU 0: NVIDIA B200
Memory Allocated: 1035.16 MB
Memory Reserved: 4658.00 MB
======================

Iteration: 00289000/00300000
Saved images to: /home/chenz1/toorange/FDDG/fddg/domainbed/munit/FairFace/outputs/tiny_munit/images/test_00289000

=== GPU Memory Usage ===
GPU 0: NVIDIA B200
Memory Allocated: 1034.89 MB
Memory Reserved: 4658.00 MB
======================

Iteration: 00290000/00300000
Saved images to: /home/chenz1/toorange/FDDG/fddg/domainbed/munit/FairFace/outputs/tiny_munit/images/test_00290000

=== GPU Memory Usage ===
GPU 0: NVIDIA B200
Memory Allocated: 1033.55 MB
Memory Reserved: 4658.00 MB
======================

Iteration: 00291000/00300000
Saved images to: /home/chenz1/toorange/FDDG/fddg/domainbed/munit/FairFace/outputs/tiny_munit/images/test_00291000

=== GPU Memory Usage ===
GPU 0: NVIDIA B200
Memory Allocated: 1035.93 MB
Memory Reserved: 4658.00 MB
======================

Iteration: 00292000/00300000
Saved images to: /home/chenz1/toorange/FDDG/fddg/domainbed/munit/FairFace/outputs/tiny_munit/images/test_00292000

=== GPU Memory Usage ===
GPU 0: NVIDIA B200
Memory Allocated: 1033.43 MB
Memory Reserved: 4658.00 MB
======================

Iteration: 00293000/00300000
Saved images to: /home/chenz1/toorange/FDDG/fddg/domainbed/munit/FairFace/outputs/tiny_munit/images/test_00293000

=== GPU Memory Usage ===
GPU 0: NVIDIA B200
Memory Allocated: 1035.20 MB
Memory Reserved: 4658.00 MB
======================

Iteration: 00294000/00300000
Saved images to: /home/chenz1/toorange/FDDG/fddg/domainbed/munit/FairFace/outputs/tiny_munit/images/test_00294000

=== GPU Memory Usage ===
GPU 0: NVIDIA B200
Memory Allocated: 1032.57 MB
Memory Reserved: 4658.00 MB
======================

Iteration: 00295000/00300000
Saved images to: /home/chenz1/toorange/FDDG/fddg/domainbed/munit/FairFace/outputs/tiny_munit/images/test_00295000

=== GPU Memory Usage ===
GPU 0: NVIDIA B200
Memory Allocated: 1035.02 MB
Memory Reserved: 4658.00 MB
======================

Iteration: 00296000/00300000
Saved images to: /home/chenz1/toorange/FDDG/fddg/domainbed/munit/FairFace/outputs/tiny_munit/images/test_00296000

=== GPU Memory Usage ===
GPU 0: NVIDIA B200
Memory Allocated: 1032.46 MB
Memory Reserved: 4658.00 MB
======================

Iteration: 00297000/00300000
Saved images to: /home/chenz1/toorange/FDDG/fddg/domainbed/munit/FairFace/outputs/tiny_munit/images/test_00297000

=== GPU Memory Usage ===
GPU 0: NVIDIA B200
Memory Allocated: 1035.46 MB
Memory Reserved: 4658.00 MB
======================

Iteration: 00298000/00300000
Saved images to: /home/chenz1/toorange/FDDG/fddg/domainbed/munit/FairFace/outputs/tiny_munit/images/test_00298000

=== GPU Memory Usage ===
GPU 0: NVIDIA B200
Memory Allocated: 1034.38 MB
Memory Reserved: 4658.00 MB
======================

Iteration: 00299000/00300000
Saved images to: /home/chenz1/toorange/FDDG/fddg/domainbed/munit/FairFace/outputs/tiny_munit/images/test_00299000

=== GPU Memory Usage ===
GPU 0: NVIDIA B200
Memory Allocated: 1032.41 MB
Memory Reserved: 4658.00 MB
======================

Iteration: 00300000/00300000
Saved images to: /home/chenz1/toorange/FDDG/fddg/domainbed/munit/FairFace/outputs/tiny_munit/images/test_00300000

=== GPU Memory Usage ===
GPU 0: NVIDIA B200
Memory Allocated: 1033.57 MB
Memory Reserved: 4658.00 MB
======================


=== GPU Information ===
CUDA available: True
CUDA device count: 1
Current CUDA device: 0
CUDA device name: NVIDIA B200
CUDA visible devices: 0

=== GPU Memory Usage ===
GPU 0: NVIDIA B200
Memory Allocated: 0.00 MB
Memory Reserved: 0.00 MB
======================

======================

Creating directory: /home/chenz1/toorange/FDDG/fddg/domainbed/munit/YFCC/outputs/tiny_munit/images
Creating directory: /home/chenz1/toorange/FDDG/fddg/domainbed/munit/YFCC/outputs/tiny_munit/checkpoints
/orange/ufdatastudios/chenz1/FDDG/.venv/lib/python3.11/site-packages/torch/optim/lr_scheduler.py:182: UserWarning: Detected call of `lr_scheduler.step()` before `optimizer.step()`. In PyTorch 1.1.0 and later, you should call them in the opposite order: `optimizer.step()` before `lr_scheduler.step()`.  Failure to do this will result in PyTorch skipping the first value of the learning rate schedule. See more details at https://pytorch.org/docs/stable/optim.html#how-to-adjust-learning-rate
  warnings.warn(
Iteration: 00001000/00300000
Saved images to: /home/chenz1/toorange/FDDG/fddg/domainbed/munit/YFCC/outputs/tiny_munit/images/test_00001000

=== GPU Memory Usage ===
GPU 0: NVIDIA B200
Memory Allocated: 1035.13 MB
Memory Reserved: 4546.00 MB
======================

Iteration: 00002000/00300000
Saved images to: /home/chenz1/toorange/FDDG/fddg/domainbed/munit/YFCC/outputs/tiny_munit/images/test_00002000

=== GPU Memory Usage ===
GPU 0: NVIDIA B200
Memory Allocated: 1039.64 MB
Memory Reserved: 4648.00 MB
======================

Iteration: 00003000/00300000
Saved images to: /home/chenz1/toorange/FDDG/fddg/domainbed/munit/YFCC/outputs/tiny_munit/images/test_00003000

=== GPU Memory Usage ===
GPU 0: NVIDIA B200
Memory Allocated: 1038.45 MB
Memory Reserved: 4648.00 MB
======================

Iteration: 00004000/00300000
Saved images to: /home/chenz1/toorange/FDDG/fddg/domainbed/munit/YFCC/outputs/tiny_munit/images/test_00004000

=== GPU Memory Usage ===
GPU 0: NVIDIA B200
Memory Allocated: 1035.89 MB
Memory Reserved: 4648.00 MB
======================

Iteration: 00005000/00300000
Saved images to: /home/chenz1/toorange/FDDG/fddg/domainbed/munit/YFCC/outputs/tiny_munit/images/test_00005000

=== GPU Memory Usage ===
GPU 0: NVIDIA B200
Memory Allocated: 1038.53 MB
Memory Reserved: 4648.00 MB
======================

Iteration: 00006000/00300000
Saved images to: /home/chenz1/toorange/FDDG/fddg/domainbed/munit/YFCC/outputs/tiny_munit/images/test_00006000

=== GPU Memory Usage ===
GPU 0: NVIDIA B200
Memory Allocated: 1039.13 MB
Memory Reserved: 4648.00 MB
======================

Iteration: 00007000/00300000
Saved images to: /home/chenz1/toorange/FDDG/fddg/domainbed/munit/YFCC/outputs/tiny_munit/images/test_00007000

=== GPU Memory Usage ===
GPU 0: NVIDIA B200
Memory Allocated: 1038.52 MB
Memory Reserved: 4648.00 MB
======================

Iteration: 00008000/00300000
Saved images to: /home/chenz1/toorange/FDDG/fddg/domainbed/munit/YFCC/outputs/tiny_munit/images/test_00008000

=== GPU Memory Usage ===
GPU 0: NVIDIA B200
Memory Allocated: 1037.64 MB
Memory Reserved: 4648.00 MB
======================

Iteration: 00009000/00300000
Saved images to: /home/chenz1/toorange/FDDG/fddg/domainbed/munit/YFCC/outputs/tiny_munit/images/test_00009000

=== GPU Memory Usage ===
GPU 0: NVIDIA B200
Memory Allocated: 1039.20 MB
Memory Reserved: 4648.00 MB
======================

Iteration: 00010000/00300000
Saved images to: /home/chenz1/toorange/FDDG/fddg/domainbed/munit/YFCC/outputs/tiny_munit/images/test_00010000

=== GPU Memory Usage ===
GPU 0: NVIDIA B200
Memory Allocated: 1039.02 MB
Memory Reserved: 4648.00 MB
======================

Iteration: 00011000/00300000
Saved images to: /home/chenz1/toorange/FDDG/fddg/domainbed/munit/YFCC/outputs/tiny_munit/images/test_00011000

=== GPU Memory Usage ===
GPU 0: NVIDIA B200
Memory Allocated: 1037.96 MB
Memory Reserved: 4648.00 MB
======================

Iteration: 00012000/00300000
Saved images to: /home/chenz1/toorange/FDDG/fddg/domainbed/munit/YFCC/outputs/tiny_munit/images/test_00012000

=== GPU Memory Usage ===
GPU 0: NVIDIA B200
Memory Allocated: 1036.61 MB
Memory Reserved: 4650.00 MB
======================

Iteration: 00013000/00300000
Saved images to: /home/chenz1/toorange/FDDG/fddg/domainbed/munit/YFCC/outputs/tiny_munit/images/test_00013000

=== GPU Memory Usage ===
GPU 0: NVIDIA B200
Memory Allocated: 1037.96 MB
Memory Reserved: 4650.00 MB
======================

Iteration: 00014000/00300000
Saved images to: /home/chenz1/toorange/FDDG/fddg/domainbed/munit/YFCC/outputs/tiny_munit/images/test_00014000

=== GPU Memory Usage ===
GPU 0: NVIDIA B200
Memory Allocated: 1039.05 MB
Memory Reserved: 4650.00 MB
======================

Iteration: 00015000/00300000
Saved images to: /home/chenz1/toorange/FDDG/fddg/domainbed/munit/YFCC/outputs/tiny_munit/images/test_00015000

=== GPU Memory Usage ===
GPU 0: NVIDIA B200
Memory Allocated: 1038.22 MB
Memory Reserved: 4650.00 MB
======================

Iteration: 00016000/00300000
Saved images to: /home/chenz1/toorange/FDDG/fddg/domainbed/munit/YFCC/outputs/tiny_munit/images/test_00016000

=== GPU Memory Usage ===
GPU 0: NVIDIA B200
Memory Allocated: 1036.81 MB
Memory Reserved: 4650.00 MB
======================

Iteration: 00017000/00300000
Saved images to: /home/chenz1/toorange/FDDG/fddg/domainbed/munit/YFCC/outputs/tiny_munit/images/test_00017000

=== GPU Memory Usage ===
GPU 0: NVIDIA B200
Memory Allocated: 1038.80 MB
Memory Reserved: 4650.00 MB
======================

Iteration: 00018000/00300000
Saved images to: /home/chenz1/toorange/FDDG/fddg/domainbed/munit/YFCC/outputs/tiny_munit/images/test_00018000

=== GPU Memory Usage ===
GPU 0: NVIDIA B200
Memory Allocated: 1036.55 MB
Memory Reserved: 4650.00 MB
======================

Iteration: 00019000/00300000
Saved images to: /home/chenz1/toorange/FDDG/fddg/domainbed/munit/YFCC/outputs/tiny_munit/images/test_00019000

=== GPU Memory Usage ===
GPU 0: NVIDIA B200
Memory Allocated: 1037.82 MB
Memory Reserved: 4650.00 MB
======================

Iteration: 00020000/00300000
Saved images to: /home/chenz1/toorange/FDDG/fddg/domainbed/munit/YFCC/outputs/tiny_munit/images/test_00020000

=== GPU Memory Usage ===
GPU 0: NVIDIA B200
Memory Allocated: 1035.83 MB
Memory Reserved: 4650.00 MB
======================

Iteration: 00021000/00300000
Saved images to: /home/chenz1/toorange/FDDG/fddg/domainbed/munit/YFCC/outputs/tiny_munit/images/test_00021000

=== GPU Memory Usage ===
GPU 0: NVIDIA B200
Memory Allocated: 1037.74 MB
Memory Reserved: 4650.00 MB
======================

Iteration: 00022000/00300000
Saved images to: /home/chenz1/toorange/FDDG/fddg/domainbed/munit/YFCC/outputs/tiny_munit/images/test_00022000

=== GPU Memory Usage ===
GPU 0: NVIDIA B200
Memory Allocated: 1037.32 MB
Memory Reserved: 4650.00 MB
======================

Iteration: 00023000/00300000
Saved images to: /home/chenz1/toorange/FDDG/fddg/domainbed/munit/YFCC/outputs/tiny_munit/images/test_00023000

=== GPU Memory Usage ===
GPU 0: NVIDIA B200
Memory Allocated: 1037.92 MB
Memory Reserved: 4650.00 MB
======================

Iteration: 00024000/00300000
Saved images to: /home/chenz1/toorange/FDDG/fddg/domainbed/munit/YFCC/outputs/tiny_munit/images/test_00024000

=== GPU Memory Usage ===
GPU 0: NVIDIA B200
Memory Allocated: 1038.70 MB
Memory Reserved: 4650.00 MB
======================

Iteration: 00025000/00300000
Saved images to: /home/chenz1/toorange/FDDG/fddg/domainbed/munit/YFCC/outputs/tiny_munit/images/test_00025000

=== GPU Memory Usage ===
GPU 0: NVIDIA B200
Memory Allocated: 1040.20 MB
Memory Reserved: 4650.00 MB
======================

Iteration: 00026000/00300000
Saved images to: /home/chenz1/toorange/FDDG/fddg/domainbed/munit/YFCC/outputs/tiny_munit/images/test_00026000

=== GPU Memory Usage ===
GPU 0: NVIDIA B200
Memory Allocated: 1041.01 MB
Memory Reserved: 4650.00 MB
======================

Iteration: 00027000/00300000
Saved images to: /home/chenz1/toorange/FDDG/fddg/domainbed/munit/YFCC/outputs/tiny_munit/images/test_00027000

=== GPU Memory Usage ===
GPU 0: NVIDIA B200
Memory Allocated: 1035.43 MB
Memory Reserved: 4650.00 MB
======================

Iteration: 00028000/00300000
Saved images to: /home/chenz1/toorange/FDDG/fddg/domainbed/munit/YFCC/outputs/tiny_munit/images/test_00028000

=== GPU Memory Usage ===
GPU 0: NVIDIA B200
Memory Allocated: 1037.39 MB
Memory Reserved: 4650.00 MB
======================

Iteration: 00029000/00300000
Saved images to: /home/chenz1/toorange/FDDG/fddg/domainbed/munit/YFCC/outputs/tiny_munit/images/test_00029000

=== GPU Memory Usage ===
GPU 0: NVIDIA B200
Memory Allocated: 1038.20 MB
Memory Reserved: 4650.00 MB
======================

Iteration: 00030000/00300000
Saved images to: /home/chenz1/toorange/FDDG/fddg/domainbed/munit/YFCC/outputs/tiny_munit/images/test_00030000

=== GPU Memory Usage ===
GPU 0: NVIDIA B200
Memory Allocated: 1038.71 MB
Memory Reserved: 4650.00 MB
======================

Iteration: 00031000/00300000
Saved images to: /home/chenz1/toorange/FDDG/fddg/domainbed/munit/YFCC/outputs/tiny_munit/images/test_00031000

=== GPU Memory Usage ===
GPU 0: NVIDIA B200
Memory Allocated: 1038.52 MB
Memory Reserved: 4650.00 MB
======================

Iteration: 00032000/00300000
Saved images to: /home/chenz1/toorange/FDDG/fddg/domainbed/munit/YFCC/outputs/tiny_munit/images/test_00032000

=== GPU Memory Usage ===
GPU 0: NVIDIA B200
Memory Allocated: 1037.20 MB
Memory Reserved: 4650.00 MB
======================

Iteration: 00033000/00300000
Saved images to: /home/chenz1/toorange/FDDG/fddg/domainbed/munit/YFCC/outputs/tiny_munit/images/test_00033000

=== GPU Memory Usage ===
GPU 0: NVIDIA B200
Memory Allocated: 1036.43 MB
Memory Reserved: 4650.00 MB
======================

Iteration: 00034000/00300000
Saved images to: /home/chenz1/toorange/FDDG/fddg/domainbed/munit/YFCC/outputs/tiny_munit/images/test_00034000

=== GPU Memory Usage ===
GPU 0: NVIDIA B200
Memory Allocated: 1035.51 MB
Memory Reserved: 4650.00 MB
======================

Iteration: 00035000/00300000
Saved images to: /home/chenz1/toorange/FDDG/fddg/domainbed/munit/YFCC/outputs/tiny_munit/images/test_00035000

=== GPU Memory Usage ===
GPU 0: NVIDIA B200
Memory Allocated: 1037.16 MB
Memory Reserved: 4650.00 MB
======================

Iteration: 00036000/00300000
Saved images to: /home/chenz1/toorange/FDDG/fddg/domainbed/munit/YFCC/outputs/tiny_munit/images/test_00036000

=== GPU Memory Usage ===
GPU 0: NVIDIA B200
Memory Allocated: 1037.72 MB
Memory Reserved: 4650.00 MB
======================

Iteration: 00037000/00300000
Saved images to: /home/chenz1/toorange/FDDG/fddg/domainbed/munit/YFCC/outputs/tiny_munit/images/test_00037000

=== GPU Memory Usage ===
GPU 0: NVIDIA B200
Memory Allocated: 1036.77 MB
Memory Reserved: 4650.00 MB
======================

Iteration: 00038000/00300000
Saved images to: /home/chenz1/toorange/FDDG/fddg/domainbed/munit/YFCC/outputs/tiny_munit/images/test_00038000

=== GPU Memory Usage ===
GPU 0: NVIDIA B200
Memory Allocated: 1039.43 MB
Memory Reserved: 4650.00 MB
======================

Iteration: 00039000/00300000
Saved images to: /home/chenz1/toorange/FDDG/fddg/domainbed/munit/YFCC/outputs/tiny_munit/images/test_00039000

=== GPU Memory Usage ===
GPU 0: NVIDIA B200
Memory Allocated: 1035.70 MB
Memory Reserved: 4650.00 MB
======================

Iteration: 00040000/00300000
Saved images to: /home/chenz1/toorange/FDDG/fddg/domainbed/munit/YFCC/outputs/tiny_munit/images/test_00040000

=== GPU Memory Usage ===
GPU 0: NVIDIA B200
Memory Allocated: 1038.82 MB
Memory Reserved: 4650.00 MB
======================

Iteration: 00041000/00300000
Saved images to: /home/chenz1/toorange/FDDG/fddg/domainbed/munit/YFCC/outputs/tiny_munit/images/test_00041000

=== GPU Memory Usage ===
GPU 0: NVIDIA B200
Memory Allocated: 1037.49 MB
Memory Reserved: 4650.00 MB
======================

Iteration: 00042000/00300000
Saved images to: /home/chenz1/toorange/FDDG/fddg/domainbed/munit/YFCC/outputs/tiny_munit/images/test_00042000

=== GPU Memory Usage ===
GPU 0: NVIDIA B200
Memory Allocated: 1038.53 MB
Memory Reserved: 4650.00 MB
======================

Iteration: 00043000/00300000
Saved images to: /home/chenz1/toorange/FDDG/fddg/domainbed/munit/YFCC/outputs/tiny_munit/images/test_00043000

=== GPU Memory Usage ===
GPU 0: NVIDIA B200
Memory Allocated: 1034.96 MB
Memory Reserved: 4650.00 MB
======================

Iteration: 00044000/00300000
Saved images to: /home/chenz1/toorange/FDDG/fddg/domainbed/munit/YFCC/outputs/tiny_munit/images/test_00044000

=== GPU Memory Usage ===
GPU 0: NVIDIA B200
Memory Allocated: 1036.80 MB
Memory Reserved: 4650.00 MB
======================

Iteration: 00045000/00300000
Saved images to: /home/chenz1/toorange/FDDG/fddg/domainbed/munit/YFCC/outputs/tiny_munit/images/test_00045000

=== GPU Memory Usage ===
GPU 0: NVIDIA B200
Memory Allocated: 1037.21 MB
Memory Reserved: 4650.00 MB
======================

Iteration: 00046000/00300000
Saved images to: /home/chenz1/toorange/FDDG/fddg/domainbed/munit/YFCC/outputs/tiny_munit/images/test_00046000

=== GPU Memory Usage ===
GPU 0: NVIDIA B200
Memory Allocated: 1038.32 MB
Memory Reserved: 4650.00 MB
======================

Iteration: 00047000/00300000
Saved images to: /home/chenz1/toorange/FDDG/fddg/domainbed/munit/YFCC/outputs/tiny_munit/images/test_00047000

=== GPU Memory Usage ===
GPU 0: NVIDIA B200
Memory Allocated: 1036.09 MB
Memory Reserved: 4650.00 MB
======================

Iteration: 00048000/00300000
Saved images to: /home/chenz1/toorange/FDDG/fddg/domainbed/munit/YFCC/outputs/tiny_munit/images/test_00048000

=== GPU Memory Usage ===
GPU 0: NVIDIA B200
Memory Allocated: 1039.00 MB
Memory Reserved: 4650.00 MB
======================

Iteration: 00049000/00300000
Saved images to: /home/chenz1/toorange/FDDG/fddg/domainbed/munit/YFCC/outputs/tiny_munit/images/test_00049000

=== GPU Memory Usage ===
GPU 0: NVIDIA B200
Memory Allocated: 1036.30 MB
Memory Reserved: 4650.00 MB
======================

Iteration: 00050000/00300000
Saved images to: /home/chenz1/toorange/FDDG/fddg/domainbed/munit/YFCC/outputs/tiny_munit/images/test_00050000

=== GPU Memory Usage ===
GPU 0: NVIDIA B200
Memory Allocated: 1038.95 MB
Memory Reserved: 4650.00 MB
======================

Iteration: 00051000/00300000
Saved images to: /home/chenz1/toorange/FDDG/fddg/domainbed/munit/YFCC/outputs/tiny_munit/images/test_00051000

=== GPU Memory Usage ===
GPU 0: NVIDIA B200
Memory Allocated: 1040.41 MB
Memory Reserved: 4650.00 MB
======================

Iteration: 00052000/00300000
Saved images to: /home/chenz1/toorange/FDDG/fddg/domainbed/munit/YFCC/outputs/tiny_munit/images/test_00052000

=== GPU Memory Usage ===
GPU 0: NVIDIA B200
Memory Allocated: 1034.53 MB
Memory Reserved: 4650.00 MB
======================

Iteration: 00053000/00300000
Saved images to: /home/chenz1/toorange/FDDG/fddg/domainbed/munit/YFCC/outputs/tiny_munit/images/test_00053000

=== GPU Memory Usage ===
GPU 0: NVIDIA B200
Memory Allocated: 1037.55 MB
Memory Reserved: 4650.00 MB
======================

Iteration: 00054000/00300000
Saved images to: /home/chenz1/toorange/FDDG/fddg/domainbed/munit/YFCC/outputs/tiny_munit/images/test_00054000

=== GPU Memory Usage ===
GPU 0: NVIDIA B200
Memory Allocated: 1036.13 MB
Memory Reserved: 4650.00 MB
======================

Iteration: 00055000/00300000
Saved images to: /home/chenz1/toorange/FDDG/fddg/domainbed/munit/YFCC/outputs/tiny_munit/images/test_00055000

=== GPU Memory Usage ===
GPU 0: NVIDIA B200
Memory Allocated: 1037.85 MB
Memory Reserved: 4650.00 MB
======================

Iteration: 00056000/00300000
Saved images to: /home/chenz1/toorange/FDDG/fddg/domainbed/munit/YFCC/outputs/tiny_munit/images/test_00056000

=== GPU Memory Usage ===
GPU 0: NVIDIA B200
Memory Allocated: 1038.29 MB
Memory Reserved: 4650.00 MB
======================

Iteration: 00057000/00300000
Saved images to: /home/chenz1/toorange/FDDG/fddg/domainbed/munit/YFCC/outputs/tiny_munit/images/test_00057000

=== GPU Memory Usage ===
GPU 0: NVIDIA B200
Memory Allocated: 1038.12 MB
Memory Reserved: 4650.00 MB
======================

Iteration: 00058000/00300000
Saved images to: /home/chenz1/toorange/FDDG/fddg/domainbed/munit/YFCC/outputs/tiny_munit/images/test_00058000

=== GPU Memory Usage ===
GPU 0: NVIDIA B200
Memory Allocated: 1038.49 MB
Memory Reserved: 4650.00 MB
======================

Iteration: 00059000/00300000
Saved images to: /home/chenz1/toorange/FDDG/fddg/domainbed/munit/YFCC/outputs/tiny_munit/images/test_00059000

=== GPU Memory Usage ===
GPU 0: NVIDIA B200
Memory Allocated: 1037.20 MB
Memory Reserved: 4650.00 MB
======================

Iteration: 00060000/00300000
Saved images to: /home/chenz1/toorange/FDDG/fddg/domainbed/munit/YFCC/outputs/tiny_munit/images/test_00060000

=== GPU Memory Usage ===
GPU 0: NVIDIA B200
Memory Allocated: 1037.75 MB
Memory Reserved: 4650.00 MB
======================

Iteration: 00061000/00300000
Saved images to: /home/chenz1/toorange/FDDG/fddg/domainbed/munit/YFCC/outputs/tiny_munit/images/test_00061000

=== GPU Memory Usage ===
GPU 0: NVIDIA B200
Memory Allocated: 1039.45 MB
Memory Reserved: 4650.00 MB
======================

Iteration: 00062000/00300000
Saved images to: /home/chenz1/toorange/FDDG/fddg/domainbed/munit/YFCC/outputs/tiny_munit/images/test_00062000

=== GPU Memory Usage ===
GPU 0: NVIDIA B200
Memory Allocated: 1042.75 MB
Memory Reserved: 4650.00 MB
======================

Iteration: 00063000/00300000
Saved images to: /home/chenz1/toorange/FDDG/fddg/domainbed/munit/YFCC/outputs/tiny_munit/images/test_00063000

=== GPU Memory Usage ===
GPU 0: NVIDIA B200
Memory Allocated: 1034.66 MB
Memory Reserved: 4650.00 MB
======================

Iteration: 00064000/00300000
Saved images to: /home/chenz1/toorange/FDDG/fddg/domainbed/munit/YFCC/outputs/tiny_munit/images/test_00064000

=== GPU Memory Usage ===
GPU 0: NVIDIA B200
Memory Allocated: 1035.70 MB
Memory Reserved: 4650.00 MB
======================

Iteration: 00065000/00300000
Saved images to: /home/chenz1/toorange/FDDG/fddg/domainbed/munit/YFCC/outputs/tiny_munit/images/test_00065000

=== GPU Memory Usage ===
GPU 0: NVIDIA B200
Memory Allocated: 1039.91 MB
Memory Reserved: 4650.00 MB
======================

Iteration: 00066000/00300000
Saved images to: /home/chenz1/toorange/FDDG/fddg/domainbed/munit/YFCC/outputs/tiny_munit/images/test_00066000

=== GPU Memory Usage ===
GPU 0: NVIDIA B200
Memory Allocated: 1036.28 MB
Memory Reserved: 4650.00 MB
======================

Iteration: 00067000/00300000
Saved images to: /home/chenz1/toorange/FDDG/fddg/domainbed/munit/YFCC/outputs/tiny_munit/images/test_00067000

=== GPU Memory Usage ===
GPU 0: NVIDIA B200
Memory Allocated: 1037.46 MB
Memory Reserved: 4650.00 MB
======================

Iteration: 00068000/00300000
Saved images to: /home/chenz1/toorange/FDDG/fddg/domainbed/munit/YFCC/outputs/tiny_munit/images/test_00068000

=== GPU Memory Usage ===
GPU 0: NVIDIA B200
Memory Allocated: 1038.17 MB
Memory Reserved: 4650.00 MB
======================

Iteration: 00069000/00300000
Saved images to: /home/chenz1/toorange/FDDG/fddg/domainbed/munit/YFCC/outputs/tiny_munit/images/test_00069000

=== GPU Memory Usage ===
GPU 0: NVIDIA B200
Memory Allocated: 1037.53 MB
Memory Reserved: 4650.00 MB
======================

Iteration: 00070000/00300000
Saved images to: /home/chenz1/toorange/FDDG/fddg/domainbed/munit/YFCC/outputs/tiny_munit/images/test_00070000

=== GPU Memory Usage ===
GPU 0: NVIDIA B200
Memory Allocated: 1038.78 MB
Memory Reserved: 4650.00 MB
======================

Iteration: 00071000/00300000
Saved images to: /home/chenz1/toorange/FDDG/fddg/domainbed/munit/YFCC/outputs/tiny_munit/images/test_00071000

=== GPU Memory Usage ===
GPU 0: NVIDIA B200
Memory Allocated: 1035.65 MB
Memory Reserved: 4650.00 MB
======================

Iteration: 00072000/00300000
Saved images to: /home/chenz1/toorange/FDDG/fddg/domainbed/munit/YFCC/outputs/tiny_munit/images/test_00072000

=== GPU Memory Usage ===
GPU 0: NVIDIA B200
Memory Allocated: 1037.60 MB
Memory Reserved: 4650.00 MB
======================

Iteration: 00073000/00300000
Saved images to: /home/chenz1/toorange/FDDG/fddg/domainbed/munit/YFCC/outputs/tiny_munit/images/test_00073000

=== GPU Memory Usage ===
GPU 0: NVIDIA B200
Memory Allocated: 1038.43 MB
Memory Reserved: 4650.00 MB
======================

Iteration: 00074000/00300000
Saved images to: /home/chenz1/toorange/FDDG/fddg/domainbed/munit/YFCC/outputs/tiny_munit/images/test_00074000

=== GPU Memory Usage ===
GPU 0: NVIDIA B200
Memory Allocated: 1037.32 MB
Memory Reserved: 4650.00 MB
======================

Iteration: 00075000/00300000
Saved images to: /home/chenz1/toorange/FDDG/fddg/domainbed/munit/YFCC/outputs/tiny_munit/images/test_00075000

=== GPU Memory Usage ===
GPU 0: NVIDIA B200
Memory Allocated: 1040.98 MB
Memory Reserved: 4650.00 MB
======================

Iteration: 00076000/00300000
Saved images to: /home/chenz1/toorange/FDDG/fddg/domainbed/munit/YFCC/outputs/tiny_munit/images/test_00076000

=== GPU Memory Usage ===
GPU 0: NVIDIA B200
Memory Allocated: 1035.05 MB
Memory Reserved: 4650.00 MB
======================

Iteration: 00077000/00300000
Saved images to: /home/chenz1/toorange/FDDG/fddg/domainbed/munit/YFCC/outputs/tiny_munit/images/test_00077000

=== GPU Memory Usage ===
GPU 0: NVIDIA B200
Memory Allocated: 1039.61 MB
Memory Reserved: 4650.00 MB
======================

Iteration: 00078000/00300000
Saved images to: /home/chenz1/toorange/FDDG/fddg/domainbed/munit/YFCC/outputs/tiny_munit/images/test_00078000

=== GPU Memory Usage ===
GPU 0: NVIDIA B200
Memory Allocated: 1037.08 MB
Memory Reserved: 4650.00 MB
======================

Iteration: 00079000/00300000
Saved images to: /home/chenz1/toorange/FDDG/fddg/domainbed/munit/YFCC/outputs/tiny_munit/images/test_00079000

=== GPU Memory Usage ===
GPU 0: NVIDIA B200
Memory Allocated: 1039.62 MB
Memory Reserved: 4650.00 MB
======================

Iteration: 00080000/00300000
Saved images to: /home/chenz1/toorange/FDDG/fddg/domainbed/munit/YFCC/outputs/tiny_munit/images/test_00080000

=== GPU Memory Usage ===
GPU 0: NVIDIA B200
Memory Allocated: 1038.16 MB
Memory Reserved: 4650.00 MB
======================

Iteration: 00081000/00300000
Saved images to: /home/chenz1/toorange/FDDG/fddg/domainbed/munit/YFCC/outputs/tiny_munit/images/test_00081000

=== GPU Memory Usage ===
GPU 0: NVIDIA B200
Memory Allocated: 1036.43 MB
Memory Reserved: 4650.00 MB
======================

Iteration: 00082000/00300000
Saved images to: /home/chenz1/toorange/FDDG/fddg/domainbed/munit/YFCC/outputs/tiny_munit/images/test_00082000

=== GPU Memory Usage ===
GPU 0: NVIDIA B200
Memory Allocated: 1037.93 MB
Memory Reserved: 4650.00 MB
======================

Iteration: 00083000/00300000
Saved images to: /home/chenz1/toorange/FDDG/fddg/domainbed/munit/YFCC/outputs/tiny_munit/images/test_00083000

=== GPU Memory Usage ===
GPU 0: NVIDIA B200
Memory Allocated: 1038.10 MB
Memory Reserved: 4650.00 MB
======================

Iteration: 00084000/00300000
Saved images to: /home/chenz1/toorange/FDDG/fddg/domainbed/munit/YFCC/outputs/tiny_munit/images/test_00084000

=== GPU Memory Usage ===
GPU 0: NVIDIA B200
Memory Allocated: 1037.67 MB
Memory Reserved: 4650.00 MB
======================

Iteration: 00085000/00300000
Saved images to: /home/chenz1/toorange/FDDG/fddg/domainbed/munit/YFCC/outputs/tiny_munit/images/test_00085000

=== GPU Memory Usage ===
GPU 0: NVIDIA B200
Memory Allocated: 1038.23 MB
Memory Reserved: 4650.00 MB
======================

Iteration: 00086000/00300000
Saved images to: /home/chenz1/toorange/FDDG/fddg/domainbed/munit/YFCC/outputs/tiny_munit/images/test_00086000

=== GPU Memory Usage ===
GPU 0: NVIDIA B200
Memory Allocated: 1037.41 MB
Memory Reserved: 4650.00 MB
======================

Iteration: 00087000/00300000
Saved images to: /home/chenz1/toorange/FDDG/fddg/domainbed/munit/YFCC/outputs/tiny_munit/images/test_00087000

=== GPU Memory Usage ===
GPU 0: NVIDIA B200
Memory Allocated: 1037.08 MB
Memory Reserved: 4650.00 MB
======================

Iteration: 00088000/00300000
Saved images to: /home/chenz1/toorange/FDDG/fddg/domainbed/munit/YFCC/outputs/tiny_munit/images/test_00088000

=== GPU Memory Usage ===
GPU 0: NVIDIA B200
Memory Allocated: 1038.55 MB
Memory Reserved: 4650.00 MB
======================

Iteration: 00089000/00300000
Saved images to: /home/chenz1/toorange/FDDG/fddg/domainbed/munit/YFCC/outputs/tiny_munit/images/test_00089000

=== GPU Memory Usage ===
GPU 0: NVIDIA B200
Memory Allocated: 1035.85 MB
Memory Reserved: 4650.00 MB
======================

Iteration: 00090000/00300000
Saved images to: /home/chenz1/toorange/FDDG/fddg/domainbed/munit/YFCC/outputs/tiny_munit/images/test_00090000

=== GPU Memory Usage ===
GPU 0: NVIDIA B200
Memory Allocated: 1038.48 MB
Memory Reserved: 4650.00 MB
======================

Iteration: 00091000/00300000
Saved images to: /home/chenz1/toorange/FDDG/fddg/domainbed/munit/YFCC/outputs/tiny_munit/images/test_00091000

=== GPU Memory Usage ===
GPU 0: NVIDIA B200
Memory Allocated: 1037.64 MB
Memory Reserved: 4650.00 MB
======================

Iteration: 00092000/00300000
Saved images to: /home/chenz1/toorange/FDDG/fddg/domainbed/munit/YFCC/outputs/tiny_munit/images/test_00092000

=== GPU Memory Usage ===
GPU 0: NVIDIA B200
Memory Allocated: 1039.78 MB
Memory Reserved: 4650.00 MB
======================

Iteration: 00093000/00300000
Saved images to: /home/chenz1/toorange/FDDG/fddg/domainbed/munit/YFCC/outputs/tiny_munit/images/test_00093000

=== GPU Memory Usage ===
GPU 0: NVIDIA B200
Memory Allocated: 1036.28 MB
Memory Reserved: 4650.00 MB
======================

Iteration: 00094000/00300000
Saved images to: /home/chenz1/toorange/FDDG/fddg/domainbed/munit/YFCC/outputs/tiny_munit/images/test_00094000

=== GPU Memory Usage ===
GPU 0: NVIDIA B200
Memory Allocated: 1035.88 MB
Memory Reserved: 4650.00 MB
======================

Iteration: 00095000/00300000
Saved images to: /home/chenz1/toorange/FDDG/fddg/domainbed/munit/YFCC/outputs/tiny_munit/images/test_00095000

=== GPU Memory Usage ===
GPU 0: NVIDIA B200
Memory Allocated: 1037.69 MB
Memory Reserved: 4650.00 MB
======================

Iteration: 00096000/00300000
Saved images to: /home/chenz1/toorange/FDDG/fddg/domainbed/munit/YFCC/outputs/tiny_munit/images/test_00096000

=== GPU Memory Usage ===
GPU 0: NVIDIA B200
Memory Allocated: 1039.08 MB
Memory Reserved: 4650.00 MB
======================

Iteration: 00097000/00300000
Saved images to: /home/chenz1/toorange/FDDG/fddg/domainbed/munit/YFCC/outputs/tiny_munit/images/test_00097000

=== GPU Memory Usage ===
GPU 0: NVIDIA B200
Memory Allocated: 1038.63 MB
Memory Reserved: 4650.00 MB
======================

Iteration: 00098000/00300000
Saved images to: /home/chenz1/toorange/FDDG/fddg/domainbed/munit/YFCC/outputs/tiny_munit/images/test_00098000

=== GPU Memory Usage ===
GPU 0: NVIDIA B200
Memory Allocated: 1038.38 MB
Memory Reserved: 4650.00 MB
======================

Iteration: 00099000/00300000
Saved images to: /home/chenz1/toorange/FDDG/fddg/domainbed/munit/YFCC/outputs/tiny_munit/images/test_00099000

=== GPU Memory Usage ===
GPU 0: NVIDIA B200
Memory Allocated: 1037.16 MB
Memory Reserved: 4650.00 MB
======================

Iteration: 00100000/00300000
Saved images to: /home/chenz1/toorange/FDDG/fddg/domainbed/munit/YFCC/outputs/tiny_munit/images/test_00100000

=== GPU Memory Usage ===
GPU 0: NVIDIA B200
Memory Allocated: 1038.60 MB
Memory Reserved: 4650.00 MB
======================

Iteration: 00101000/00300000
Saved images to: /home/chenz1/toorange/FDDG/fddg/domainbed/munit/YFCC/outputs/tiny_munit/images/test_00101000

=== GPU Memory Usage ===
GPU 0: NVIDIA B200
Memory Allocated: 1036.70 MB
Memory Reserved: 4650.00 MB
======================

Iteration: 00102000/00300000
Saved images to: /home/chenz1/toorange/FDDG/fddg/domainbed/munit/YFCC/outputs/tiny_munit/images/test_00102000

=== GPU Memory Usage ===
GPU 0: NVIDIA B200
Memory Allocated: 1038.20 MB
Memory Reserved: 4650.00 MB
======================

Iteration: 00103000/00300000
Saved images to: /home/chenz1/toorange/FDDG/fddg/domainbed/munit/YFCC/outputs/tiny_munit/images/test_00103000

=== GPU Memory Usage ===
GPU 0: NVIDIA B200
Memory Allocated: 1037.76 MB
Memory Reserved: 4650.00 MB
======================

Iteration: 00104000/00300000
Saved images to: /home/chenz1/toorange/FDDG/fddg/domainbed/munit/YFCC/outputs/tiny_munit/images/test_00104000

=== GPU Memory Usage ===
GPU 0: NVIDIA B200
Memory Allocated: 1037.55 MB
Memory Reserved: 4650.00 MB
======================

Iteration: 00105000/00300000
Saved images to: /home/chenz1/toorange/FDDG/fddg/domainbed/munit/YFCC/outputs/tiny_munit/images/test_00105000

=== GPU Memory Usage ===
GPU 0: NVIDIA B200
Memory Allocated: 1039.41 MB
Memory Reserved: 4650.00 MB
======================

Iteration: 00106000/00300000
Saved images to: /home/chenz1/toorange/FDDG/fddg/domainbed/munit/YFCC/outputs/tiny_munit/images/test_00106000

=== GPU Memory Usage ===
GPU 0: NVIDIA B200
Memory Allocated: 1037.26 MB
Memory Reserved: 4650.00 MB
======================

Iteration: 00107000/00300000
Saved images to: /home/chenz1/toorange/FDDG/fddg/domainbed/munit/YFCC/outputs/tiny_munit/images/test_00107000

=== GPU Memory Usage ===
GPU 0: NVIDIA B200
Memory Allocated: 1036.70 MB
Memory Reserved: 4650.00 MB
======================

Iteration: 00108000/00300000
Saved images to: /home/chenz1/toorange/FDDG/fddg/domainbed/munit/YFCC/outputs/tiny_munit/images/test_00108000

=== GPU Memory Usage ===
GPU 0: NVIDIA B200
Memory Allocated: 1037.08 MB
Memory Reserved: 4650.00 MB
======================

Iteration: 00109000/00300000
Saved images to: /home/chenz1/toorange/FDDG/fddg/domainbed/munit/YFCC/outputs/tiny_munit/images/test_00109000

=== GPU Memory Usage ===
GPU 0: NVIDIA B200
Memory Allocated: 1036.88 MB
Memory Reserved: 4650.00 MB
======================

Iteration: 00110000/00300000
Saved images to: /home/chenz1/toorange/FDDG/fddg/domainbed/munit/YFCC/outputs/tiny_munit/images/test_00110000

=== GPU Memory Usage ===
GPU 0: NVIDIA B200
Memory Allocated: 1039.14 MB
Memory Reserved: 4650.00 MB
======================

Iteration: 00111000/00300000
Saved images to: /home/chenz1/toorange/FDDG/fddg/domainbed/munit/YFCC/outputs/tiny_munit/images/test_00111000

=== GPU Memory Usage ===
GPU 0: NVIDIA B200
Memory Allocated: 1036.72 MB
Memory Reserved: 4650.00 MB
======================

Iteration: 00112000/00300000
Saved images to: /home/chenz1/toorange/FDDG/fddg/domainbed/munit/YFCC/outputs/tiny_munit/images/test_00112000

=== GPU Memory Usage ===
GPU 0: NVIDIA B200
Memory Allocated: 1038.37 MB
Memory Reserved: 4650.00 MB
======================

Iteration: 00113000/00300000
Saved images to: /home/chenz1/toorange/FDDG/fddg/domainbed/munit/YFCC/outputs/tiny_munit/images/test_00113000

=== GPU Memory Usage ===
GPU 0: NVIDIA B200
Memory Allocated: 1037.87 MB
Memory Reserved: 4650.00 MB
======================

Iteration: 00114000/00300000
Saved images to: /home/chenz1/toorange/FDDG/fddg/domainbed/munit/YFCC/outputs/tiny_munit/images/test_00114000

=== GPU Memory Usage ===
GPU 0: NVIDIA B200
Memory Allocated: 1036.65 MB
Memory Reserved: 4650.00 MB
======================

Iteration: 00115000/00300000
Saved images to: /home/chenz1/toorange/FDDG/fddg/domainbed/munit/YFCC/outputs/tiny_munit/images/test_00115000

=== GPU Memory Usage ===
GPU 0: NVIDIA B200
Memory Allocated: 1035.60 MB
Memory Reserved: 4650.00 MB
======================

Iteration: 00116000/00300000
Saved images to: /home/chenz1/toorange/FDDG/fddg/domainbed/munit/YFCC/outputs/tiny_munit/images/test_00116000

=== GPU Memory Usage ===
GPU 0: NVIDIA B200
Memory Allocated: 1038.51 MB
Memory Reserved: 4650.00 MB
======================

Iteration: 00117000/00300000
Saved images to: /home/chenz1/toorange/FDDG/fddg/domainbed/munit/YFCC/outputs/tiny_munit/images/test_00117000

=== GPU Memory Usage ===
GPU 0: NVIDIA B200
Memory Allocated: 1040.36 MB
Memory Reserved: 4650.00 MB
======================

Iteration: 00118000/00300000
Saved images to: /home/chenz1/toorange/FDDG/fddg/domainbed/munit/YFCC/outputs/tiny_munit/images/test_00118000

=== GPU Memory Usage ===
GPU 0: NVIDIA B200
Memory Allocated: 1033.60 MB
Memory Reserved: 4650.00 MB
======================

Iteration: 00119000/00300000
Saved images to: /home/chenz1/toorange/FDDG/fddg/domainbed/munit/YFCC/outputs/tiny_munit/images/test_00119000

=== GPU Memory Usage ===
GPU 0: NVIDIA B200
Memory Allocated: 1034.17 MB
Memory Reserved: 4650.00 MB
======================

Iteration: 00120000/00300000
Saved images to: /home/chenz1/toorange/FDDG/fddg/domainbed/munit/YFCC/outputs/tiny_munit/images/test_00120000

=== GPU Memory Usage ===
GPU 0: NVIDIA B200
Memory Allocated: 1035.75 MB
Memory Reserved: 4650.00 MB
======================

Iteration: 00121000/00300000
Saved images to: /home/chenz1/toorange/FDDG/fddg/domainbed/munit/YFCC/outputs/tiny_munit/images/test_00121000

=== GPU Memory Usage ===
GPU 0: NVIDIA B200
Memory Allocated: 1039.67 MB
Memory Reserved: 4650.00 MB
======================

Iteration: 00122000/00300000
Saved images to: /home/chenz1/toorange/FDDG/fddg/domainbed/munit/YFCC/outputs/tiny_munit/images/test_00122000

=== GPU Memory Usage ===
GPU 0: NVIDIA B200
Memory Allocated: 1037.98 MB
Memory Reserved: 4650.00 MB
======================

Iteration: 00123000/00300000
Saved images to: /home/chenz1/toorange/FDDG/fddg/domainbed/munit/YFCC/outputs/tiny_munit/images/test_00123000

=== GPU Memory Usage ===
GPU 0: NVIDIA B200
Memory Allocated: 1037.87 MB
Memory Reserved: 4650.00 MB
======================

Iteration: 00124000/00300000
Saved images to: /home/chenz1/toorange/FDDG/fddg/domainbed/munit/YFCC/outputs/tiny_munit/images/test_00124000

=== GPU Memory Usage ===
GPU 0: NVIDIA B200
Memory Allocated: 1038.24 MB
Memory Reserved: 4650.00 MB
======================

Iteration: 00125000/00300000
Saved images to: /home/chenz1/toorange/FDDG/fddg/domainbed/munit/YFCC/outputs/tiny_munit/images/test_00125000

=== GPU Memory Usage ===
GPU 0: NVIDIA B200
Memory Allocated: 1037.08 MB
Memory Reserved: 4650.00 MB
======================

Iteration: 00126000/00300000
Saved images to: /home/chenz1/toorange/FDDG/fddg/domainbed/munit/YFCC/outputs/tiny_munit/images/test_00126000

=== GPU Memory Usage ===
GPU 0: NVIDIA B200
Memory Allocated: 1038.89 MB
Memory Reserved: 4650.00 MB
======================

Iteration: 00127000/00300000
Saved images to: /home/chenz1/toorange/FDDG/fddg/domainbed/munit/YFCC/outputs/tiny_munit/images/test_00127000

=== GPU Memory Usage ===
GPU 0: NVIDIA B200
Memory Allocated: 1037.34 MB
Memory Reserved: 4650.00 MB
======================

Iteration: 00128000/00300000
Saved images to: /home/chenz1/toorange/FDDG/fddg/domainbed/munit/YFCC/outputs/tiny_munit/images/test_00128000

=== GPU Memory Usage ===
GPU 0: NVIDIA B200
Memory Allocated: 1038.86 MB
Memory Reserved: 4650.00 MB
======================

Iteration: 00129000/00300000
Saved images to: /home/chenz1/toorange/FDDG/fddg/domainbed/munit/YFCC/outputs/tiny_munit/images/test_00129000

=== GPU Memory Usage ===
GPU 0: NVIDIA B200
Memory Allocated: 1035.83 MB
Memory Reserved: 4650.00 MB
======================

Iteration: 00130000/00300000
Saved images to: /home/chenz1/toorange/FDDG/fddg/domainbed/munit/YFCC/outputs/tiny_munit/images/test_00130000

=== GPU Memory Usage ===
GPU 0: NVIDIA B200
Memory Allocated: 1038.19 MB
Memory Reserved: 4650.00 MB
======================

Iteration: 00131000/00300000
Saved images to: /home/chenz1/toorange/FDDG/fddg/domainbed/munit/YFCC/outputs/tiny_munit/images/test_00131000

=== GPU Memory Usage ===
GPU 0: NVIDIA B200
Memory Allocated: 1035.98 MB
Memory Reserved: 4650.00 MB
======================

Iteration: 00132000/00300000
Saved images to: /home/chenz1/toorange/FDDG/fddg/domainbed/munit/YFCC/outputs/tiny_munit/images/test_00132000

=== GPU Memory Usage ===
GPU 0: NVIDIA B200
Memory Allocated: 1038.07 MB
Memory Reserved: 4650.00 MB
======================

Iteration: 00133000/00300000
Saved images to: /home/chenz1/toorange/FDDG/fddg/domainbed/munit/YFCC/outputs/tiny_munit/images/test_00133000

=== GPU Memory Usage ===
GPU 0: NVIDIA B200
Memory Allocated: 1037.42 MB
Memory Reserved: 4650.00 MB
======================

Iteration: 00134000/00300000
Saved images to: /home/chenz1/toorange/FDDG/fddg/domainbed/munit/YFCC/outputs/tiny_munit/images/test_00134000

=== GPU Memory Usage ===
GPU 0: NVIDIA B200
Memory Allocated: 1038.59 MB
Memory Reserved: 4650.00 MB
======================

Iteration: 00135000/00300000
Saved images to: /home/chenz1/toorange/FDDG/fddg/domainbed/munit/YFCC/outputs/tiny_munit/images/test_00135000

=== GPU Memory Usage ===
GPU 0: NVIDIA B200
Memory Allocated: 1036.57 MB
Memory Reserved: 4650.00 MB
======================

Iteration: 00136000/00300000
Saved images to: /home/chenz1/toorange/FDDG/fddg/domainbed/munit/YFCC/outputs/tiny_munit/images/test_00136000

=== GPU Memory Usage ===
GPU 0: NVIDIA B200
Memory Allocated: 1038.19 MB
Memory Reserved: 4650.00 MB
======================

Iteration: 00137000/00300000
Saved images to: /home/chenz1/toorange/FDDG/fddg/domainbed/munit/YFCC/outputs/tiny_munit/images/test_00137000

=== GPU Memory Usage ===
GPU 0: NVIDIA B200
Memory Allocated: 1036.12 MB
Memory Reserved: 4650.00 MB
======================

Iteration: 00138000/00300000
Saved images to: /home/chenz1/toorange/FDDG/fddg/domainbed/munit/YFCC/outputs/tiny_munit/images/test_00138000

=== GPU Memory Usage ===
GPU 0: NVIDIA B200
Memory Allocated: 1036.82 MB
Memory Reserved: 4650.00 MB
======================

Iteration: 00139000/00300000
Saved images to: /home/chenz1/toorange/FDDG/fddg/domainbed/munit/YFCC/outputs/tiny_munit/images/test_00139000

=== GPU Memory Usage ===
GPU 0: NVIDIA B200
Memory Allocated: 1037.48 MB
Memory Reserved: 4650.00 MB
======================

Iteration: 00140000/00300000
Saved images to: /home/chenz1/toorange/FDDG/fddg/domainbed/munit/YFCC/outputs/tiny_munit/images/test_00140000

=== GPU Memory Usage ===
GPU 0: NVIDIA B200
Memory Allocated: 1036.45 MB
Memory Reserved: 4650.00 MB
======================

Iteration: 00141000/00300000
Saved images to: /home/chenz1/toorange/FDDG/fddg/domainbed/munit/YFCC/outputs/tiny_munit/images/test_00141000

=== GPU Memory Usage ===
GPU 0: NVIDIA B200
Memory Allocated: 1038.18 MB
Memory Reserved: 4650.00 MB
======================

Iteration: 00142000/00300000
Saved images to: /home/chenz1/toorange/FDDG/fddg/domainbed/munit/YFCC/outputs/tiny_munit/images/test_00142000

=== GPU Memory Usage ===
GPU 0: NVIDIA B200
Memory Allocated: 1037.48 MB
Memory Reserved: 4650.00 MB
======================

Iteration: 00143000/00300000
Saved images to: /home/chenz1/toorange/FDDG/fddg/domainbed/munit/YFCC/outputs/tiny_munit/images/test_00143000

=== GPU Memory Usage ===
GPU 0: NVIDIA B200
Memory Allocated: 1037.95 MB
Memory Reserved: 4650.00 MB
======================

Iteration: 00144000/00300000
Saved images to: /home/chenz1/toorange/FDDG/fddg/domainbed/munit/YFCC/outputs/tiny_munit/images/test_00144000

=== GPU Memory Usage ===
GPU 0: NVIDIA B200
Memory Allocated: 1037.38 MB
Memory Reserved: 4650.00 MB
======================

Iteration: 00145000/00300000
Saved images to: /home/chenz1/toorange/FDDG/fddg/domainbed/munit/YFCC/outputs/tiny_munit/images/test_00145000

=== GPU Memory Usage ===
GPU 0: NVIDIA B200
Memory Allocated: 1038.23 MB
Memory Reserved: 4650.00 MB
======================

Iteration: 00146000/00300000
Saved images to: /home/chenz1/toorange/FDDG/fddg/domainbed/munit/YFCC/outputs/tiny_munit/images/test_00146000

=== GPU Memory Usage ===
GPU 0: NVIDIA B200
Memory Allocated: 1036.27 MB
Memory Reserved: 4650.00 MB
======================

Iteration: 00147000/00300000
Saved images to: /home/chenz1/toorange/FDDG/fddg/domainbed/munit/YFCC/outputs/tiny_munit/images/test_00147000

=== GPU Memory Usage ===
GPU 0: NVIDIA B200
Memory Allocated: 1036.99 MB
Memory Reserved: 4650.00 MB
======================

Iteration: 00148000/00300000
Saved images to: /home/chenz1/toorange/FDDG/fddg/domainbed/munit/YFCC/outputs/tiny_munit/images/test_00148000

=== GPU Memory Usage ===
GPU 0: NVIDIA B200
Memory Allocated: 1039.20 MB
Memory Reserved: 4650.00 MB
======================

Iteration: 00149000/00300000
Saved images to: /home/chenz1/toorange/FDDG/fddg/domainbed/munit/YFCC/outputs/tiny_munit/images/test_00149000

=== GPU Memory Usage ===
GPU 0: NVIDIA B200
Memory Allocated: 1037.15 MB
Memory Reserved: 4650.00 MB
======================

Iteration: 00150000/00300000
Saved images to: /home/chenz1/toorange/FDDG/fddg/domainbed/munit/YFCC/outputs/tiny_munit/images/test_00150000

=== GPU Memory Usage ===
GPU 0: NVIDIA B200
Memory Allocated: 1038.27 MB
Memory Reserved: 4650.00 MB
======================

Iteration: 00151000/00300000
Saved images to: /home/chenz1/toorange/FDDG/fddg/domainbed/munit/YFCC/outputs/tiny_munit/images/test_00151000

=== GPU Memory Usage ===
GPU 0: NVIDIA B200
Memory Allocated: 1039.34 MB
Memory Reserved: 4650.00 MB
======================

Iteration: 00152000/00300000
Saved images to: /home/chenz1/toorange/FDDG/fddg/domainbed/munit/YFCC/outputs/tiny_munit/images/test_00152000

=== GPU Memory Usage ===
GPU 0: NVIDIA B200
Memory Allocated: 1038.71 MB
Memory Reserved: 4650.00 MB
======================

Iteration: 00153000/00300000
Saved images to: /home/chenz1/toorange/FDDG/fddg/domainbed/munit/YFCC/outputs/tiny_munit/images/test_00153000

=== GPU Memory Usage ===
GPU 0: NVIDIA B200
Memory Allocated: 1037.75 MB
Memory Reserved: 4650.00 MB
======================

Iteration: 00154000/00300000
Saved images to: /home/chenz1/toorange/FDDG/fddg/domainbed/munit/YFCC/outputs/tiny_munit/images/test_00154000

=== GPU Memory Usage ===
GPU 0: NVIDIA B200
Memory Allocated: 1036.02 MB
Memory Reserved: 4650.00 MB
======================

Iteration: 00155000/00300000
Saved images to: /home/chenz1/toorange/FDDG/fddg/domainbed/munit/YFCC/outputs/tiny_munit/images/test_00155000

=== GPU Memory Usage ===
GPU 0: NVIDIA B200
Memory Allocated: 1038.30 MB
Memory Reserved: 4650.00 MB
======================

Iteration: 00156000/00300000
Saved images to: /home/chenz1/toorange/FDDG/fddg/domainbed/munit/YFCC/outputs/tiny_munit/images/test_00156000

=== GPU Memory Usage ===
GPU 0: NVIDIA B200
Memory Allocated: 1039.51 MB
Memory Reserved: 4650.00 MB
======================

Iteration: 00157000/00300000
Saved images to: /home/chenz1/toorange/FDDG/fddg/domainbed/munit/YFCC/outputs/tiny_munit/images/test_00157000

=== GPU Memory Usage ===
GPU 0: NVIDIA B200
Memory Allocated: 1037.97 MB
Memory Reserved: 4650.00 MB
======================

Iteration: 00158000/00300000
Saved images to: /home/chenz1/toorange/FDDG/fddg/domainbed/munit/YFCC/outputs/tiny_munit/images/test_00158000

=== GPU Memory Usage ===
GPU 0: NVIDIA B200
Memory Allocated: 1038.61 MB
Memory Reserved: 4650.00 MB
======================

Iteration: 00159000/00300000
Saved images to: /home/chenz1/toorange/FDDG/fddg/domainbed/munit/YFCC/outputs/tiny_munit/images/test_00159000

=== GPU Memory Usage ===
GPU 0: NVIDIA B200
Memory Allocated: 1036.06 MB
Memory Reserved: 4650.00 MB
======================

Iteration: 00160000/00300000
Saved images to: /home/chenz1/toorange/FDDG/fddg/domainbed/munit/YFCC/outputs/tiny_munit/images/test_00160000

=== GPU Memory Usage ===
GPU 0: NVIDIA B200
Memory Allocated: 1038.10 MB
Memory Reserved: 4650.00 MB
======================

Iteration: 00161000/00300000
Saved images to: /home/chenz1/toorange/FDDG/fddg/domainbed/munit/YFCC/outputs/tiny_munit/images/test_00161000

=== GPU Memory Usage ===
GPU 0: NVIDIA B200
Memory Allocated: 1035.38 MB
Memory Reserved: 4650.00 MB
======================

Iteration: 00162000/00300000
Saved images to: /home/chenz1/toorange/FDDG/fddg/domainbed/munit/YFCC/outputs/tiny_munit/images/test_00162000

=== GPU Memory Usage ===
GPU 0: NVIDIA B200
Memory Allocated: 1039.14 MB
Memory Reserved: 4650.00 MB
======================

Iteration: 00163000/00300000
Saved images to: /home/chenz1/toorange/FDDG/fddg/domainbed/munit/YFCC/outputs/tiny_munit/images/test_00163000

=== GPU Memory Usage ===
GPU 0: NVIDIA B200
Memory Allocated: 1036.06 MB
Memory Reserved: 4650.00 MB
======================

Iteration: 00164000/00300000
Saved images to: /home/chenz1/toorange/FDDG/fddg/domainbed/munit/YFCC/outputs/tiny_munit/images/test_00164000

=== GPU Memory Usage ===
GPU 0: NVIDIA B200
Memory Allocated: 1040.27 MB
Memory Reserved: 4650.00 MB
======================

Iteration: 00165000/00300000
Saved images to: /home/chenz1/toorange/FDDG/fddg/domainbed/munit/YFCC/outputs/tiny_munit/images/test_00165000

=== GPU Memory Usage ===
GPU 0: NVIDIA B200
Memory Allocated: 1038.47 MB
Memory Reserved: 4650.00 MB
======================

Iteration: 00166000/00300000
Saved images to: /home/chenz1/toorange/FDDG/fddg/domainbed/munit/YFCC/outputs/tiny_munit/images/test_00166000

=== GPU Memory Usage ===
GPU 0: NVIDIA B200
Memory Allocated: 1036.40 MB
Memory Reserved: 4650.00 MB
======================

Iteration: 00167000/00300000
Saved images to: /home/chenz1/toorange/FDDG/fddg/domainbed/munit/YFCC/outputs/tiny_munit/images/test_00167000

=== GPU Memory Usage ===
GPU 0: NVIDIA B200
Memory Allocated: 1036.30 MB
Memory Reserved: 4650.00 MB
======================

Iteration: 00168000/00300000
Saved images to: /home/chenz1/toorange/FDDG/fddg/domainbed/munit/YFCC/outputs/tiny_munit/images/test_00168000

=== GPU Memory Usage ===
GPU 0: NVIDIA B200
Memory Allocated: 1036.79 MB
Memory Reserved: 4650.00 MB
======================

Iteration: 00169000/00300000
Saved images to: /home/chenz1/toorange/FDDG/fddg/domainbed/munit/YFCC/outputs/tiny_munit/images/test_00169000

=== GPU Memory Usage ===
GPU 0: NVIDIA B200
Memory Allocated: 1036.60 MB
Memory Reserved: 4650.00 MB
======================

Iteration: 00170000/00300000
Saved images to: /home/chenz1/toorange/FDDG/fddg/domainbed/munit/YFCC/outputs/tiny_munit/images/test_00170000

=== GPU Memory Usage ===
GPU 0: NVIDIA B200
Memory Allocated: 1038.08 MB
Memory Reserved: 4650.00 MB
======================

Iteration: 00171000/00300000
Saved images to: /home/chenz1/toorange/FDDG/fddg/domainbed/munit/YFCC/outputs/tiny_munit/images/test_00171000

=== GPU Memory Usage ===
GPU 0: NVIDIA B200
Memory Allocated: 1038.87 MB
Memory Reserved: 4650.00 MB
======================

Iteration: 00172000/00300000
Saved images to: /home/chenz1/toorange/FDDG/fddg/domainbed/munit/YFCC/outputs/tiny_munit/images/test_00172000

=== GPU Memory Usage ===
GPU 0: NVIDIA B200
Memory Allocated: 1036.09 MB
Memory Reserved: 4650.00 MB
======================

Iteration: 00173000/00300000
Saved images to: /home/chenz1/toorange/FDDG/fddg/domainbed/munit/YFCC/outputs/tiny_munit/images/test_00173000

=== GPU Memory Usage ===
GPU 0: NVIDIA B200
Memory Allocated: 1037.95 MB
Memory Reserved: 4650.00 MB
======================

Iteration: 00174000/00300000
Saved images to: /home/chenz1/toorange/FDDG/fddg/domainbed/munit/YFCC/outputs/tiny_munit/images/test_00174000

=== GPU Memory Usage ===
GPU 0: NVIDIA B200
Memory Allocated: 1036.47 MB
Memory Reserved: 4650.00 MB
======================

Iteration: 00175000/00300000
Saved images to: /home/chenz1/toorange/FDDG/fddg/domainbed/munit/YFCC/outputs/tiny_munit/images/test_00175000

=== GPU Memory Usage ===
GPU 0: NVIDIA B200
Memory Allocated: 1033.92 MB
Memory Reserved: 4650.00 MB
======================

Iteration: 00176000/00300000
Saved images to: /home/chenz1/toorange/FDDG/fddg/domainbed/munit/YFCC/outputs/tiny_munit/images/test_00176000

=== GPU Memory Usage ===
GPU 0: NVIDIA B200
Memory Allocated: 1035.45 MB
Memory Reserved: 4652.00 MB
======================

Iteration: 00177000/00300000
Saved images to: /home/chenz1/toorange/FDDG/fddg/domainbed/munit/YFCC/outputs/tiny_munit/images/test_00177000

=== GPU Memory Usage ===
GPU 0: NVIDIA B200
Memory Allocated: 1036.82 MB
Memory Reserved: 4652.00 MB
======================

Iteration: 00178000/00300000
Saved images to: /home/chenz1/toorange/FDDG/fddg/domainbed/munit/YFCC/outputs/tiny_munit/images/test_00178000

=== GPU Memory Usage ===
GPU 0: NVIDIA B200
Memory Allocated: 1037.09 MB
Memory Reserved: 4652.00 MB
======================

Iteration: 00179000/00300000
Saved images to: /home/chenz1/toorange/FDDG/fddg/domainbed/munit/YFCC/outputs/tiny_munit/images/test_00179000

=== GPU Memory Usage ===
GPU 0: NVIDIA B200
Memory Allocated: 1037.06 MB
Memory Reserved: 4652.00 MB
======================

Iteration: 00180000/00300000
Saved images to: /home/chenz1/toorange/FDDG/fddg/domainbed/munit/YFCC/outputs/tiny_munit/images/test_00180000

=== GPU Memory Usage ===
GPU 0: NVIDIA B200
Memory Allocated: 1038.47 MB
Memory Reserved: 4652.00 MB
======================

Iteration: 00181000/00300000
Saved images to: /home/chenz1/toorange/FDDG/fddg/domainbed/munit/YFCC/outputs/tiny_munit/images/test_00181000

=== GPU Memory Usage ===
GPU 0: NVIDIA B200
Memory Allocated: 1036.94 MB
Memory Reserved: 4652.00 MB
======================

Iteration: 00182000/00300000
Saved images to: /home/chenz1/toorange/FDDG/fddg/domainbed/munit/YFCC/outputs/tiny_munit/images/test_00182000

=== GPU Memory Usage ===
GPU 0: NVIDIA B200
Memory Allocated: 1038.02 MB
Memory Reserved: 4652.00 MB
======================

Iteration: 00183000/00300000
Saved images to: /home/chenz1/toorange/FDDG/fddg/domainbed/munit/YFCC/outputs/tiny_munit/images/test_00183000

=== GPU Memory Usage ===
GPU 0: NVIDIA B200
Memory Allocated: 1040.35 MB
Memory Reserved: 4652.00 MB
======================

Iteration: 00184000/00300000
Saved images to: /home/chenz1/toorange/FDDG/fddg/domainbed/munit/YFCC/outputs/tiny_munit/images/test_00184000

=== GPU Memory Usage ===
GPU 0: NVIDIA B200
Memory Allocated: 1037.05 MB
Memory Reserved: 4652.00 MB
======================

Iteration: 00185000/00300000
Saved images to: /home/chenz1/toorange/FDDG/fddg/domainbed/munit/YFCC/outputs/tiny_munit/images/test_00185000

=== GPU Memory Usage ===
GPU 0: NVIDIA B200
Memory Allocated: 1038.45 MB
Memory Reserved: 4652.00 MB
======================

Iteration: 00186000/00300000
Saved images to: /home/chenz1/toorange/FDDG/fddg/domainbed/munit/YFCC/outputs/tiny_munit/images/test_00186000

=== GPU Memory Usage ===
GPU 0: NVIDIA B200
Memory Allocated: 1036.54 MB
Memory Reserved: 4652.00 MB
======================

Iteration: 00187000/00300000
Saved images to: /home/chenz1/toorange/FDDG/fddg/domainbed/munit/YFCC/outputs/tiny_munit/images/test_00187000

=== GPU Memory Usage ===
GPU 0: NVIDIA B200
Memory Allocated: 1036.45 MB
Memory Reserved: 4652.00 MB
======================

Iteration: 00188000/00300000
Saved images to: /home/chenz1/toorange/FDDG/fddg/domainbed/munit/YFCC/outputs/tiny_munit/images/test_00188000

=== GPU Memory Usage ===
GPU 0: NVIDIA B200
Memory Allocated: 1037.55 MB
Memory Reserved: 4652.00 MB
======================

Iteration: 00189000/00300000
Saved images to: /home/chenz1/toorange/FDDG/fddg/domainbed/munit/YFCC/outputs/tiny_munit/images/test_00189000

=== GPU Memory Usage ===
GPU 0: NVIDIA B200
Memory Allocated: 1038.51 MB
Memory Reserved: 4652.00 MB
======================

Iteration: 00190000/00300000
Saved images to: /home/chenz1/toorange/FDDG/fddg/domainbed/munit/YFCC/outputs/tiny_munit/images/test_00190000

=== GPU Memory Usage ===
GPU 0: NVIDIA B200
Memory Allocated: 1038.31 MB
Memory Reserved: 4652.00 MB
======================

Iteration: 00191000/00300000
Saved images to: /home/chenz1/toorange/FDDG/fddg/domainbed/munit/YFCC/outputs/tiny_munit/images/test_00191000

=== GPU Memory Usage ===
GPU 0: NVIDIA B200
Memory Allocated: 1037.47 MB
Memory Reserved: 4652.00 MB
======================

Iteration: 00192000/00300000
Saved images to: /home/chenz1/toorange/FDDG/fddg/domainbed/munit/YFCC/outputs/tiny_munit/images/test_00192000

=== GPU Memory Usage ===
GPU 0: NVIDIA B200
Memory Allocated: 1036.48 MB
Memory Reserved: 4652.00 MB
======================

Iteration: 00193000/00300000
Saved images to: /home/chenz1/toorange/FDDG/fddg/domainbed/munit/YFCC/outputs/tiny_munit/images/test_00193000

=== GPU Memory Usage ===
GPU 0: NVIDIA B200
Memory Allocated: 1036.16 MB
Memory Reserved: 4652.00 MB
======================

Iteration: 00194000/00300000
Saved images to: /home/chenz1/toorange/FDDG/fddg/domainbed/munit/YFCC/outputs/tiny_munit/images/test_00194000

=== GPU Memory Usage ===
GPU 0: NVIDIA B200
Memory Allocated: 1037.45 MB
Memory Reserved: 4652.00 MB
======================

Iteration: 00195000/00300000
Saved images to: /home/chenz1/toorange/FDDG/fddg/domainbed/munit/YFCC/outputs/tiny_munit/images/test_00195000

=== GPU Memory Usage ===
GPU 0: NVIDIA B200
Memory Allocated: 1036.06 MB
Memory Reserved: 4652.00 MB
======================

Iteration: 00196000/00300000
Saved images to: /home/chenz1/toorange/FDDG/fddg/domainbed/munit/YFCC/outputs/tiny_munit/images/test_00196000

=== GPU Memory Usage ===
GPU 0: NVIDIA B200
Memory Allocated: 1037.17 MB
Memory Reserved: 4652.00 MB
======================

Iteration: 00197000/00300000
Saved images to: /home/chenz1/toorange/FDDG/fddg/domainbed/munit/YFCC/outputs/tiny_munit/images/test_00197000

=== GPU Memory Usage ===
GPU 0: NVIDIA B200
Memory Allocated: 1037.86 MB
Memory Reserved: 4652.00 MB
======================

Iteration: 00198000/00300000
Saved images to: /home/chenz1/toorange/FDDG/fddg/domainbed/munit/YFCC/outputs/tiny_munit/images/test_00198000

=== GPU Memory Usage ===
GPU 0: NVIDIA B200
Memory Allocated: 1038.51 MB
Memory Reserved: 4652.00 MB
======================

Iteration: 00199000/00300000
Saved images to: /home/chenz1/toorange/FDDG/fddg/domainbed/munit/YFCC/outputs/tiny_munit/images/test_00199000

=== GPU Memory Usage ===
GPU 0: NVIDIA B200
Memory Allocated: 1037.82 MB
Memory Reserved: 4652.00 MB
======================

Iteration: 00200000/00300000
Saved images to: /home/chenz1/toorange/FDDG/fddg/domainbed/munit/YFCC/outputs/tiny_munit/images/test_00200000

=== GPU Memory Usage ===
GPU 0: NVIDIA B200
Memory Allocated: 1036.41 MB
Memory Reserved: 4652.00 MB
======================

Iteration: 00201000/00300000
Saved images to: /home/chenz1/toorange/FDDG/fddg/domainbed/munit/YFCC/outputs/tiny_munit/images/test_00201000

=== GPU Memory Usage ===
GPU 0: NVIDIA B200
Memory Allocated: 1037.42 MB
Memory Reserved: 4652.00 MB
======================

Iteration: 00202000/00300000
Saved images to: /home/chenz1/toorange/FDDG/fddg/domainbed/munit/YFCC/outputs/tiny_munit/images/test_00202000

=== GPU Memory Usage ===
GPU 0: NVIDIA B200
Memory Allocated: 1038.12 MB
Memory Reserved: 4652.00 MB
======================

Iteration: 00203000/00300000
Saved images to: /home/chenz1/toorange/FDDG/fddg/domainbed/munit/YFCC/outputs/tiny_munit/images/test_00203000

=== GPU Memory Usage ===
GPU 0: NVIDIA B200
Memory Allocated: 1038.76 MB
Memory Reserved: 4652.00 MB
======================

Iteration: 00204000/00300000
Saved images to: /home/chenz1/toorange/FDDG/fddg/domainbed/munit/YFCC/outputs/tiny_munit/images/test_00204000

=== GPU Memory Usage ===
GPU 0: NVIDIA B200
Memory Allocated: 1038.27 MB
Memory Reserved: 4652.00 MB
======================

Iteration: 00205000/00300000
Saved images to: /home/chenz1/toorange/FDDG/fddg/domainbed/munit/YFCC/outputs/tiny_munit/images/test_00205000

=== GPU Memory Usage ===
GPU 0: NVIDIA B200
Memory Allocated: 1037.67 MB
Memory Reserved: 4652.00 MB
======================

Iteration: 00206000/00300000
Saved images to: /home/chenz1/toorange/FDDG/fddg/domainbed/munit/YFCC/outputs/tiny_munit/images/test_00206000

=== GPU Memory Usage ===
GPU 0: NVIDIA B200
Memory Allocated: 1037.74 MB
Memory Reserved: 4652.00 MB
======================

Iteration: 00207000/00300000
Saved images to: /home/chenz1/toorange/FDDG/fddg/domainbed/munit/YFCC/outputs/tiny_munit/images/test_00207000

=== GPU Memory Usage ===
GPU 0: NVIDIA B200
Memory Allocated: 1038.31 MB
Memory Reserved: 4652.00 MB
======================

Iteration: 00208000/00300000
Saved images to: /home/chenz1/toorange/FDDG/fddg/domainbed/munit/YFCC/outputs/tiny_munit/images/test_00208000

=== GPU Memory Usage ===
GPU 0: NVIDIA B200
Memory Allocated: 1038.89 MB
Memory Reserved: 4652.00 MB
======================

Iteration: 00209000/00300000
Saved images to: /home/chenz1/toorange/FDDG/fddg/domainbed/munit/YFCC/outputs/tiny_munit/images/test_00209000

=== GPU Memory Usage ===
GPU 0: NVIDIA B200
Memory Allocated: 1038.85 MB
Memory Reserved: 4652.00 MB
======================

Iteration: 00210000/00300000
Saved images to: /home/chenz1/toorange/FDDG/fddg/domainbed/munit/YFCC/outputs/tiny_munit/images/test_00210000

=== GPU Memory Usage ===
GPU 0: NVIDIA B200
Memory Allocated: 1037.66 MB
Memory Reserved: 4652.00 MB
======================

Iteration: 00211000/00300000
Saved images to: /home/chenz1/toorange/FDDG/fddg/domainbed/munit/YFCC/outputs/tiny_munit/images/test_00211000

=== GPU Memory Usage ===
GPU 0: NVIDIA B200
Memory Allocated: 1036.07 MB
Memory Reserved: 4652.00 MB
======================

Iteration: 00212000/00300000
Saved images to: /home/chenz1/toorange/FDDG/fddg/domainbed/munit/YFCC/outputs/tiny_munit/images/test_00212000

=== GPU Memory Usage ===
GPU 0: NVIDIA B200
Memory Allocated: 1034.86 MB
Memory Reserved: 4652.00 MB
======================

Iteration: 00213000/00300000
Saved images to: /home/chenz1/toorange/FDDG/fddg/domainbed/munit/YFCC/outputs/tiny_munit/images/test_00213000

=== GPU Memory Usage ===
GPU 0: NVIDIA B200
Memory Allocated: 1036.69 MB
Memory Reserved: 4652.00 MB
======================

Iteration: 00214000/00300000
Saved images to: /home/chenz1/toorange/FDDG/fddg/domainbed/munit/YFCC/outputs/tiny_munit/images/test_00214000

=== GPU Memory Usage ===
GPU 0: NVIDIA B200
Memory Allocated: 1038.50 MB
Memory Reserved: 4652.00 MB
======================

Iteration: 00215000/00300000
Saved images to: /home/chenz1/toorange/FDDG/fddg/domainbed/munit/YFCC/outputs/tiny_munit/images/test_00215000

=== GPU Memory Usage ===
GPU 0: NVIDIA B200
Memory Allocated: 1038.65 MB
Memory Reserved: 4652.00 MB
======================

Iteration: 00216000/00300000
Saved images to: /home/chenz1/toorange/FDDG/fddg/domainbed/munit/YFCC/outputs/tiny_munit/images/test_00216000

=== GPU Memory Usage ===
GPU 0: NVIDIA B200
Memory Allocated: 1033.83 MB
Memory Reserved: 4652.00 MB
======================

Iteration: 00217000/00300000
Saved images to: /home/chenz1/toorange/FDDG/fddg/domainbed/munit/YFCC/outputs/tiny_munit/images/test_00217000

=== GPU Memory Usage ===
GPU 0: NVIDIA B200
Memory Allocated: 1037.77 MB
Memory Reserved: 4652.00 MB
======================

Iteration: 00218000/00300000
Saved images to: /home/chenz1/toorange/FDDG/fddg/domainbed/munit/YFCC/outputs/tiny_munit/images/test_00218000

=== GPU Memory Usage ===
GPU 0: NVIDIA B200
Memory Allocated: 1040.04 MB
Memory Reserved: 4652.00 MB
======================

Iteration: 00219000/00300000
Saved images to: /home/chenz1/toorange/FDDG/fddg/domainbed/munit/YFCC/outputs/tiny_munit/images/test_00219000

=== GPU Memory Usage ===
GPU 0: NVIDIA B200
Memory Allocated: 1038.20 MB
Memory Reserved: 4652.00 MB
======================

Iteration: 00220000/00300000
Saved images to: /home/chenz1/toorange/FDDG/fddg/domainbed/munit/YFCC/outputs/tiny_munit/images/test_00220000

=== GPU Memory Usage ===
GPU 0: NVIDIA B200
Memory Allocated: 1041.38 MB
Memory Reserved: 4652.00 MB
======================

Iteration: 00221000/00300000
Saved images to: /home/chenz1/toorange/FDDG/fddg/domainbed/munit/YFCC/outputs/tiny_munit/images/test_00221000

=== GPU Memory Usage ===
GPU 0: NVIDIA B200
Memory Allocated: 1034.29 MB
Memory Reserved: 4652.00 MB
======================

Iteration: 00222000/00300000
Saved images to: /home/chenz1/toorange/FDDG/fddg/domainbed/munit/YFCC/outputs/tiny_munit/images/test_00222000

=== GPU Memory Usage ===
GPU 0: NVIDIA B200
Memory Allocated: 1037.78 MB
Memory Reserved: 4652.00 MB
======================

Iteration: 00223000/00300000
Saved images to: /home/chenz1/toorange/FDDG/fddg/domainbed/munit/YFCC/outputs/tiny_munit/images/test_00223000

=== GPU Memory Usage ===
GPU 0: NVIDIA B200
Memory Allocated: 1037.81 MB
Memory Reserved: 4652.00 MB
======================

Iteration: 00224000/00300000
Saved images to: /home/chenz1/toorange/FDDG/fddg/domainbed/munit/YFCC/outputs/tiny_munit/images/test_00224000

=== GPU Memory Usage ===
GPU 0: NVIDIA B200
Memory Allocated: 1039.72 MB
Memory Reserved: 4652.00 MB
======================

Iteration: 00225000/00300000
Saved images to: /home/chenz1/toorange/FDDG/fddg/domainbed/munit/YFCC/outputs/tiny_munit/images/test_00225000

=== GPU Memory Usage ===
GPU 0: NVIDIA B200
Memory Allocated: 1038.06 MB
Memory Reserved: 4652.00 MB
======================

Iteration: 00226000/00300000
Saved images to: /home/chenz1/toorange/FDDG/fddg/domainbed/munit/YFCC/outputs/tiny_munit/images/test_00226000

=== GPU Memory Usage ===
GPU 0: NVIDIA B200
Memory Allocated: 1038.31 MB
Memory Reserved: 4652.00 MB
======================

Iteration: 00227000/00300000
Saved images to: /home/chenz1/toorange/FDDG/fddg/domainbed/munit/YFCC/outputs/tiny_munit/images/test_00227000

=== GPU Memory Usage ===
GPU 0: NVIDIA B200
Memory Allocated: 1036.29 MB
Memory Reserved: 4652.00 MB
======================

Iteration: 00228000/00300000
Saved images to: /home/chenz1/toorange/FDDG/fddg/domainbed/munit/YFCC/outputs/tiny_munit/images/test_00228000

=== GPU Memory Usage ===
GPU 0: NVIDIA B200
Memory Allocated: 1035.96 MB
Memory Reserved: 4652.00 MB
======================

Iteration: 00229000/00300000
Saved images to: /home/chenz1/toorange/FDDG/fddg/domainbed/munit/YFCC/outputs/tiny_munit/images/test_00229000

=== GPU Memory Usage ===
GPU 0: NVIDIA B200
Memory Allocated: 1037.27 MB
Memory Reserved: 4652.00 MB
======================

Iteration: 00230000/00300000
Saved images to: /home/chenz1/toorange/FDDG/fddg/domainbed/munit/YFCC/outputs/tiny_munit/images/test_00230000

=== GPU Memory Usage ===
GPU 0: NVIDIA B200
Memory Allocated: 1037.62 MB
Memory Reserved: 4652.00 MB
======================

Iteration: 00231000/00300000
Saved images to: /home/chenz1/toorange/FDDG/fddg/domainbed/munit/YFCC/outputs/tiny_munit/images/test_00231000

=== GPU Memory Usage ===
GPU 0: NVIDIA B200
Memory Allocated: 1037.08 MB
Memory Reserved: 4652.00 MB
======================

Iteration: 00232000/00300000
Saved images to: /home/chenz1/toorange/FDDG/fddg/domainbed/munit/YFCC/outputs/tiny_munit/images/test_00232000

=== GPU Memory Usage ===
GPU 0: NVIDIA B200
Memory Allocated: 1039.14 MB
Memory Reserved: 4652.00 MB
======================

Iteration: 00233000/00300000
Saved images to: /home/chenz1/toorange/FDDG/fddg/domainbed/munit/YFCC/outputs/tiny_munit/images/test_00233000

=== GPU Memory Usage ===
GPU 0: NVIDIA B200
Memory Allocated: 1036.53 MB
Memory Reserved: 4652.00 MB
======================

Iteration: 00234000/00300000
Saved images to: /home/chenz1/toorange/FDDG/fddg/domainbed/munit/YFCC/outputs/tiny_munit/images/test_00234000

=== GPU Memory Usage ===
GPU 0: NVIDIA B200
Memory Allocated: 1037.29 MB
Memory Reserved: 4652.00 MB
======================

Iteration: 00235000/00300000
Saved images to: /home/chenz1/toorange/FDDG/fddg/domainbed/munit/YFCC/outputs/tiny_munit/images/test_00235000

=== GPU Memory Usage ===
GPU 0: NVIDIA B200
Memory Allocated: 1038.21 MB
Memory Reserved: 4652.00 MB
======================

Iteration: 00236000/00300000
Saved images to: /home/chenz1/toorange/FDDG/fddg/domainbed/munit/YFCC/outputs/tiny_munit/images/test_00236000

=== GPU Memory Usage ===
GPU 0: NVIDIA B200
Memory Allocated: 1036.73 MB
Memory Reserved: 4652.00 MB
======================

Iteration: 00237000/00300000
Saved images to: /home/chenz1/toorange/FDDG/fddg/domainbed/munit/YFCC/outputs/tiny_munit/images/test_00237000

=== GPU Memory Usage ===
GPU 0: NVIDIA B200
Memory Allocated: 1036.85 MB
Memory Reserved: 4652.00 MB
======================

Iteration: 00238000/00300000
Saved images to: /home/chenz1/toorange/FDDG/fddg/domainbed/munit/YFCC/outputs/tiny_munit/images/test_00238000

=== GPU Memory Usage ===
GPU 0: NVIDIA B200
Memory Allocated: 1039.00 MB
Memory Reserved: 4652.00 MB
======================

Iteration: 00239000/00300000
Saved images to: /home/chenz1/toorange/FDDG/fddg/domainbed/munit/YFCC/outputs/tiny_munit/images/test_00239000

=== GPU Memory Usage ===
GPU 0: NVIDIA B200
Memory Allocated: 1038.39 MB
Memory Reserved: 4652.00 MB
======================

Iteration: 00240000/00300000
Saved images to: /home/chenz1/toorange/FDDG/fddg/domainbed/munit/YFCC/outputs/tiny_munit/images/test_00240000

=== GPU Memory Usage ===
GPU 0: NVIDIA B200
Memory Allocated: 1037.94 MB
Memory Reserved: 4652.00 MB
======================

